This is pdfTeX, Version 3.14159265-2.6-1.40.20 (TeX Live 2019/W32TeX) (preloaded format=pdflatex 2019.8.29)  12 OCT 2019 13:38
entering extended mode
 restricted \write18 enabled.
 %&-line parsing enabled.
**Introduction_to_R.tex
(./Introduction_to_R.tex
LaTeX2e <2018-12-01>
(c:/Users/jimmy/AppData/Roaming/TinyTeX/texmf-dist/tex/latex/base/book.cls
Document Class: book 2018/09/03 v1.4i Standard LaTeX document class
(c:/Users/jimmy/AppData/Roaming/TinyTeX/texmf-dist/tex/latex/base/bk10.clo
File: bk10.clo 2018/09/03 v1.4i Standard LaTeX file (size option)
)
\c@part=\count80
\c@chapter=\count81
\c@section=\count82
\c@subsection=\count83
\c@subsubsection=\count84
\c@paragraph=\count85
\c@subparagraph=\count86
\c@figure=\count87
\c@table=\count88
\abovecaptionskip=\skip41
\belowcaptionskip=\skip42
\bibindent=\dimen102
) (c:/Users/jimmy/AppData/Roaming/TinyTeX/texmf-dist/tex/latex/lm/lmodern.sty
Package: lmodern 2009/10/30 v1.6 Latin Modern Fonts
LaTeX Font Info:    Overwriting symbol font `operators' in version `normal'
(Font)                  OT1/cmr/m/n --> OT1/lmr/m/n on input line 22.
LaTeX Font Info:    Overwriting symbol font `letters' in version `normal'
(Font)                  OML/cmm/m/it --> OML/lmm/m/it on input line 23.
LaTeX Font Info:    Overwriting symbol font `symbols' in version `normal'
(Font)                  OMS/cmsy/m/n --> OMS/lmsy/m/n on input line 24.
LaTeX Font Info:    Overwriting symbol font `largesymbols' in version `normal'
(Font)                  OMX/cmex/m/n --> OMX/lmex/m/n on input line 25.
LaTeX Font Info:    Overwriting symbol font `operators' in version `bold'
(Font)                  OT1/cmr/bx/n --> OT1/lmr/bx/n on input line 26.
LaTeX Font Info:    Overwriting symbol font `letters' in version `bold'
(Font)                  OML/cmm/b/it --> OML/lmm/b/it on input line 27.
LaTeX Font Info:    Overwriting symbol font `symbols' in version `bold'
(Font)                  OMS/cmsy/b/n --> OMS/lmsy/b/n on input line 28.
LaTeX Font Info:    Overwriting symbol font `largesymbols' in version `bold'
(Font)                  OMX/cmex/m/n --> OMX/lmex/m/n on input line 29.
LaTeX Font Info:    Overwriting math alphabet `\mathbf' in version `normal'
(Font)                  OT1/cmr/bx/n --> OT1/lmr/bx/n on input line 31.
LaTeX Font Info:    Overwriting math alphabet `\mathsf' in version `normal'
(Font)                  OT1/cmss/m/n --> OT1/lmss/m/n on input line 32.
LaTeX Font Info:    Overwriting math alphabet `\mathit' in version `normal'
(Font)                  OT1/cmr/m/it --> OT1/lmr/m/it on input line 33.
LaTeX Font Info:    Overwriting math alphabet `\mathtt' in version `normal'
(Font)                  OT1/cmtt/m/n --> OT1/lmtt/m/n on input line 34.
LaTeX Font Info:    Overwriting math alphabet `\mathbf' in version `bold'
(Font)                  OT1/cmr/bx/n --> OT1/lmr/bx/n on input line 35.
LaTeX Font Info:    Overwriting math alphabet `\mathsf' in version `bold'
(Font)                  OT1/cmss/bx/n --> OT1/lmss/bx/n on input line 36.
LaTeX Font Info:    Overwriting math alphabet `\mathit' in version `bold'
(Font)                  OT1/cmr/bx/it --> OT1/lmr/bx/it on input line 37.
LaTeX Font Info:    Overwriting math alphabet `\mathtt' in version `bold'
(Font)                  OT1/cmtt/m/n --> OT1/lmtt/m/n on input line 38.
)
(c:/Users/jimmy/AppData/Roaming/TinyTeX/texmf-dist/tex/latex/amsfonts/amssymb.s
ty
Package: amssymb 2013/01/14 v3.01 AMS font symbols

(c:/Users/jimmy/AppData/Roaming/TinyTeX/texmf-dist/tex/latex/amsfonts/amsfonts.
sty
Package: amsfonts 2013/01/14 v3.01 Basic AMSFonts support
\@emptytoks=\toks14
\symAMSa=\mathgroup4
\symAMSb=\mathgroup5
LaTeX Font Info:    Overwriting math alphabet `\mathfrak' in version `bold'
(Font)                  U/euf/m/n --> U/euf/b/n on input line 106.
))
(c:/Users/jimmy/AppData/Roaming/TinyTeX/texmf-dist/tex/latex/amsmath/amsmath.st
y
Package: amsmath 2018/12/01 v2.17b AMS math features
\@mathmargin=\skip43
For additional information on amsmath, use the `?' option.

(c:/Users/jimmy/AppData/Roaming/TinyTeX/texmf-dist/tex/latex/amsmath/amstext.st
y
Package: amstext 2000/06/29 v2.01 AMS text

(c:/Users/jimmy/AppData/Roaming/TinyTeX/texmf-dist/tex/latex/amsmath/amsgen.sty
File: amsgen.sty 1999/11/30 v2.0 generic functions
\@emptytoks=\toks15
\ex@=\dimen103
))
(c:/Users/jimmy/AppData/Roaming/TinyTeX/texmf-dist/tex/latex/amsmath/amsbsy.sty
Package: amsbsy 1999/11/29 v1.2d Bold Symbols
\pmbraise@=\dimen104
)
(c:/Users/jimmy/AppData/Roaming/TinyTeX/texmf-dist/tex/latex/amsmath/amsopn.sty
Package: amsopn 2016/03/08 v2.02 operator names
)
\inf@bad=\count89
LaTeX Info: Redefining \frac on input line 223.
\uproot@=\count90
\leftroot@=\count91
LaTeX Info: Redefining \overline on input line 385.
\classnum@=\count92
\DOTSCASE@=\count93
LaTeX Info: Redefining \ldots on input line 482.
LaTeX Info: Redefining \dots on input line 485.
LaTeX Info: Redefining \cdots on input line 606.
\Mathstrutbox@=\box27
\strutbox@=\box28
\big@size=\dimen105
LaTeX Font Info:    Redeclaring font encoding OML on input line 729.
LaTeX Font Info:    Redeclaring font encoding OMS on input line 730.
\macc@depth=\count94
\c@MaxMatrixCols=\count95
\dotsspace@=\muskip10
\c@parentequation=\count96
\dspbrk@lvl=\count97
\tag@help=\toks16
\row@=\count98
\column@=\count99
\maxfields@=\count100
\andhelp@=\toks17
\eqnshift@=\dimen106
\alignsep@=\dimen107
\tagshift@=\dimen108
\tagwidth@=\dimen109
\totwidth@=\dimen110
\lineht@=\dimen111
\@envbody=\toks18
\multlinegap=\skip44
\multlinetaggap=\skip45
\mathdisplay@stack=\toks19
LaTeX Info: Redefining \[ on input line 2844.
LaTeX Info: Redefining \] on input line 2845.
)
(c:/Users/jimmy/AppData/Roaming/TinyTeX/texmf-dist/tex/generic/ifxetex/ifxetex.
sty
Package: ifxetex 2010/09/12 v0.6 Provides ifxetex conditional
)
(c:/Users/jimmy/AppData/Roaming/TinyTeX/texmf-dist/tex/generic/oberdiek/ifluate
x.sty
Package: ifluatex 2016/05/16 v1.4 Provides the ifluatex switch (HO)
Package ifluatex Info: LuaTeX not detected.
) (c:/Users/jimmy/AppData/Roaming/TinyTeX/texmf-dist/tex/latex/base/fixltx2e.st
y
Package: fixltx2e 2016/12/29 v2.1a fixes to LaTeX (obsolete)
Applying: [2015/01/01] Old fixltx2e package on input line 46.

Package fixltx2e Warning: fixltx2e is not required with releases after 2015
(fixltx2e)                All fixes are now in the LaTeX kernel.
(fixltx2e)                See the latexrelease package for details.

Already applied: [0000/00/00] Old fixltx2e package on input line 53.
) (c:/Users/jimmy/AppData/Roaming/TinyTeX/texmf-dist/tex/latex/base/fontenc.sty
Package: fontenc 2018/08/11 v2.0j Standard LaTeX package
(c:/Users/jimmy/AppData/Roaming/TinyTeX/texmf-dist/tex/latex/base/t1enc.def
File: t1enc.def 2018/08/11 v2.0j Standard LaTeX file
LaTeX Font Info:    Redeclaring font encoding T1 on input line 48.
)) (c:/Users/jimmy/AppData/Roaming/TinyTeX/texmf-dist/tex/latex/base/inputenc.s
ty
Package: inputenc 2018/08/11 v1.3c Input encoding file
\inpenc@prehook=\toks20
\inpenc@posthook=\toks21
)
(c:/Users/jimmy/AppData/Roaming/TinyTeX/texmf-dist/tex/latex/upquote/upquote.st
y
Package: upquote 2012/04/19 v1.3 upright-quote and grave-accent glyphs in verba
tim
(c:/Users/jimmy/AppData/Roaming/TinyTeX/texmf-dist/tex/latex/base/textcomp.sty
Package: textcomp 2018/08/11 v2.0j Standard LaTeX package
Package textcomp Info: Sub-encoding information:
(textcomp)               5 = only ISO-Adobe without \textcurrency
(textcomp)               4 = 5 + \texteuro
(textcomp)               3 = 4 + \textohm
(textcomp)               2 = 3 + \textestimated + \textcurrency
(textcomp)               1 = TS1 - \textcircled - \t
(textcomp)               0 = TS1 (full)
(textcomp)             Font families with sub-encoding setting implement
(textcomp)             only a restricted character set as indicated.
(textcomp)             Family '?' is the default used for unknown fonts.
(textcomp)             See the documentation for details.
Package textcomp Info: Setting ? sub-encoding to TS1/1 on input line 79.
(c:/Users/jimmy/AppData/Roaming/TinyTeX/texmf-dist/tex/latex/base/ts1enc.def
File: ts1enc.def 2001/06/05 v3.0e (jk/car/fm) Standard LaTeX file
Now handling font encoding TS1 ...
... processing UTF-8 mapping file for font encoding TS1
(c:/Users/jimmy/AppData/Roaming/TinyTeX/texmf-dist/tex/latex/base/ts1enc.dfu
File: ts1enc.dfu 2018/10/05 v1.2f UTF-8 support for inputenc
   defining Unicode char U+00A2 (decimal 162)
   defining Unicode char U+00A3 (decimal 163)
   defining Unicode char U+00A4 (decimal 164)
   defining Unicode char U+00A5 (decimal 165)
   defining Unicode char U+00A6 (decimal 166)
   defining Unicode char U+00A7 (decimal 167)
   defining Unicode char U+00A8 (decimal 168)
   defining Unicode char U+00A9 (decimal 169)
   defining Unicode char U+00AA (decimal 170)
   defining Unicode char U+00AC (decimal 172)
   defining Unicode char U+00AE (decimal 174)
   defining Unicode char U+00AF (decimal 175)
   defining Unicode char U+00B0 (decimal 176)
   defining Unicode char U+00B1 (decimal 177)
   defining Unicode char U+00B2 (decimal 178)
   defining Unicode char U+00B3 (decimal 179)
   defining Unicode char U+00B4 (decimal 180)
   defining Unicode char U+00B5 (decimal 181)
   defining Unicode char U+00B6 (decimal 182)
   defining Unicode char U+00B7 (decimal 183)
   defining Unicode char U+00B9 (decimal 185)
   defining Unicode char U+00BA (decimal 186)
   defining Unicode char U+00BC (decimal 188)
   defining Unicode char U+00BD (decimal 189)
   defining Unicode char U+00BE (decimal 190)
   defining Unicode char U+00D7 (decimal 215)
   defining Unicode char U+00F7 (decimal 247)
   defining Unicode char U+0192 (decimal 402)
   defining Unicode char U+02C7 (decimal 711)
   defining Unicode char U+02D8 (decimal 728)
   defining Unicode char U+02DD (decimal 733)
   defining Unicode char U+0E3F (decimal 3647)
   defining Unicode char U+2016 (decimal 8214)
   defining Unicode char U+2020 (decimal 8224)
   defining Unicode char U+2021 (decimal 8225)
   defining Unicode char U+2022 (decimal 8226)
   defining Unicode char U+2030 (decimal 8240)
   defining Unicode char U+2031 (decimal 8241)
   defining Unicode char U+203B (decimal 8251)
   defining Unicode char U+203D (decimal 8253)
   defining Unicode char U+2044 (decimal 8260)
   defining Unicode char U+204E (decimal 8270)
   defining Unicode char U+2052 (decimal 8274)
   defining Unicode char U+20A1 (decimal 8353)
   defining Unicode char U+20A4 (decimal 8356)
   defining Unicode char U+20A6 (decimal 8358)
   defining Unicode char U+20A9 (decimal 8361)
   defining Unicode char U+20AB (decimal 8363)
   defining Unicode char U+20AC (decimal 8364)
   defining Unicode char U+20B1 (decimal 8369)
   defining Unicode char U+2103 (decimal 8451)
   defining Unicode char U+2116 (decimal 8470)
   defining Unicode char U+2117 (decimal 8471)
   defining Unicode char U+211E (decimal 8478)
   defining Unicode char U+2120 (decimal 8480)
   defining Unicode char U+2122 (decimal 8482)
   defining Unicode char U+2126 (decimal 8486)
   defining Unicode char U+2127 (decimal 8487)
   defining Unicode char U+212E (decimal 8494)
   defining Unicode char U+2190 (decimal 8592)
   defining Unicode char U+2191 (decimal 8593)
   defining Unicode char U+2192 (decimal 8594)
   defining Unicode char U+2193 (decimal 8595)
   defining Unicode char U+2329 (decimal 9001)
   defining Unicode char U+232A (decimal 9002)
   defining Unicode char U+2422 (decimal 9250)
   defining Unicode char U+25E6 (decimal 9702)
   defining Unicode char U+25EF (decimal 9711)
   defining Unicode char U+266A (decimal 9834)
   defining Unicode char U+FEFF (decimal 65279)
))
LaTeX Info: Redefining \oldstylenums on input line 334.
Package textcomp Info: Setting cmr sub-encoding to TS1/0 on input line 349.
Package textcomp Info: Setting cmss sub-encoding to TS1/0 on input line 350.
Package textcomp Info: Setting cmtt sub-encoding to TS1/0 on input line 351.
Package textcomp Info: Setting cmvtt sub-encoding to TS1/0 on input line 352.
Package textcomp Info: Setting cmbr sub-encoding to TS1/0 on input line 353.
Package textcomp Info: Setting cmtl sub-encoding to TS1/0 on input line 354.
Package textcomp Info: Setting ccr sub-encoding to TS1/0 on input line 355.
Package textcomp Info: Setting ptm sub-encoding to TS1/4 on input line 356.
Package textcomp Info: Setting pcr sub-encoding to TS1/4 on input line 357.
Package textcomp Info: Setting phv sub-encoding to TS1/4 on input line 358.
Package textcomp Info: Setting ppl sub-encoding to TS1/3 on input line 359.
Package textcomp Info: Setting pag sub-encoding to TS1/4 on input line 360.
Package textcomp Info: Setting pbk sub-encoding to TS1/4 on input line 361.
Package textcomp Info: Setting pnc sub-encoding to TS1/4 on input line 362.
Package textcomp Info: Setting pzc sub-encoding to TS1/4 on input line 363.
Package textcomp Info: Setting bch sub-encoding to TS1/4 on input line 364.
Package textcomp Info: Setting put sub-encoding to TS1/5 on input line 365.
Package textcomp Info: Setting uag sub-encoding to TS1/5 on input line 366.
Package textcomp Info: Setting ugq sub-encoding to TS1/5 on input line 367.
Package textcomp Info: Setting ul8 sub-encoding to TS1/4 on input line 368.
Package textcomp Info: Setting ul9 sub-encoding to TS1/4 on input line 369.
Package textcomp Info: Setting augie sub-encoding to TS1/5 on input line 370.
Package textcomp Info: Setting dayrom sub-encoding to TS1/3 on input line 371.
Package textcomp Info: Setting dayroms sub-encoding to TS1/3 on input line 372.

Package textcomp Info: Setting pxr sub-encoding to TS1/0 on input line 373.
Package textcomp Info: Setting pxss sub-encoding to TS1/0 on input line 374.
Package textcomp Info: Setting pxtt sub-encoding to TS1/0 on input line 375.
Package textcomp Info: Setting txr sub-encoding to TS1/0 on input line 376.
Package textcomp Info: Setting txss sub-encoding to TS1/0 on input line 377.
Package textcomp Info: Setting txtt sub-encoding to TS1/0 on input line 378.
Package textcomp Info: Setting lmr sub-encoding to TS1/0 on input line 379.
Package textcomp Info: Setting lmdh sub-encoding to TS1/0 on input line 380.
Package textcomp Info: Setting lmss sub-encoding to TS1/0 on input line 381.
Package textcomp Info: Setting lmssq sub-encoding to TS1/0 on input line 382.
Package textcomp Info: Setting lmvtt sub-encoding to TS1/0 on input line 383.
Package textcomp Info: Setting lmtt sub-encoding to TS1/0 on input line 384.
Package textcomp Info: Setting qhv sub-encoding to TS1/0 on input line 385.
Package textcomp Info: Setting qag sub-encoding to TS1/0 on input line 386.
Package textcomp Info: Setting qbk sub-encoding to TS1/0 on input line 387.
Package textcomp Info: Setting qcr sub-encoding to TS1/0 on input line 388.
Package textcomp Info: Setting qcs sub-encoding to TS1/0 on input line 389.
Package textcomp Info: Setting qpl sub-encoding to TS1/0 on input line 390.
Package textcomp Info: Setting qtm sub-encoding to TS1/0 on input line 391.
Package textcomp Info: Setting qzc sub-encoding to TS1/0 on input line 392.
Package textcomp Info: Setting qhvc sub-encoding to TS1/0 on input line 393.
Package textcomp Info: Setting futs sub-encoding to TS1/4 on input line 394.
Package textcomp Info: Setting futx sub-encoding to TS1/4 on input line 395.
Package textcomp Info: Setting futj sub-encoding to TS1/4 on input line 396.
Package textcomp Info: Setting hlh sub-encoding to TS1/3 on input line 397.
Package textcomp Info: Setting hls sub-encoding to TS1/3 on input line 398.
Package textcomp Info: Setting hlst sub-encoding to TS1/3 on input line 399.
Package textcomp Info: Setting hlct sub-encoding to TS1/5 on input line 400.
Package textcomp Info: Setting hlx sub-encoding to TS1/5 on input line 401.
Package textcomp Info: Setting hlce sub-encoding to TS1/5 on input line 402.
Package textcomp Info: Setting hlcn sub-encoding to TS1/5 on input line 403.
Package textcomp Info: Setting hlcw sub-encoding to TS1/5 on input line 404.
Package textcomp Info: Setting hlcf sub-encoding to TS1/5 on input line 405.
Package textcomp Info: Setting pplx sub-encoding to TS1/3 on input line 406.
Package textcomp Info: Setting pplj sub-encoding to TS1/3 on input line 407.
Package textcomp Info: Setting ptmx sub-encoding to TS1/4 on input line 408.
Package textcomp Info: Setting ptmj sub-encoding to TS1/4 on input line 409.
))
(c:/Users/jimmy/AppData/Roaming/TinyTeX/texmf-dist/tex/latex/hyperref/hyperref.
sty
Package: hyperref 2019/06/12 v6.88h Hypertext links for LaTeX

(c:/Users/jimmy/AppData/Roaming/TinyTeX/texmf-dist/tex/generic/oberdiek/hobsub-
hyperref.sty
Package: hobsub-hyperref 2016/05/16 v1.14 Bundle oberdiek, subset hyperref (HO)


(c:/Users/jimmy/AppData/Roaming/TinyTeX/texmf-dist/tex/generic/oberdiek/hobsub-
generic.sty
Package: hobsub-generic 2016/05/16 v1.14 Bundle oberdiek, subset generic (HO)
Package: hobsub 2016/05/16 v1.14 Construct package bundles (HO)
Package: infwarerr 2016/05/16 v1.4 Providing info/warning/error messages (HO)
Package: ltxcmds 2016/05/16 v1.23 LaTeX kernel commands for general use (HO)
Package hobsub Info: Skipping package `ifluatex' (already loaded).
Package: ifvtex 2016/05/16 v1.6 Detect VTeX and its facilities (HO)
Package ifvtex Info: VTeX not detected.
Package: intcalc 2016/05/16 v1.2 Expandable calculations with integers (HO)
Package: ifpdf 2018/09/07 v3.3 Provides the ifpdf switch
Package: etexcmds 2016/05/16 v1.6 Avoid name clashes with e-TeX commands (HO)
Package: kvsetkeys 2016/05/16 v1.17 Key value parser (HO)
Package: kvdefinekeys 2016/05/16 v1.4 Define keys (HO)
Package: pdftexcmds 2019/07/25 v0.30 Utility functions of pdfTeX for LuaTeX (HO
)
Package pdftexcmds Info: LuaTeX not detected.
Package pdftexcmds Info: \pdf@primitive is available.
Package pdftexcmds Info: \pdf@ifprimitive is available.
Package pdftexcmds Info: \pdfdraftmode found.
Package: pdfescape 2016/05/16 v1.14 Implements pdfTeX's escape features (HO)
Package: bigintcalc 2016/05/16 v1.4 Expandable calculations on big integers (HO
)
Package: bitset 2016/05/16 v1.2 Handle bit-vector datatype (HO)
Package: uniquecounter 2016/05/16 v1.3 Provide unlimited unique counter (HO)
)
Package hobsub Info: Skipping package `hobsub' (already loaded).
Package: letltxmacro 2016/05/16 v1.5 Let assignment for LaTeX macros (HO)
Package: hopatch 2016/05/16 v1.3 Wrapper for package hooks (HO)
Package: xcolor-patch 2016/05/16 xcolor patch
Package: atveryend 2016/05/16 v1.9 Hooks at the very end of document (HO)
Package atveryend Info: \enddocument detected (standard20110627).
Package: atbegshi 2016/06/09 v1.18 At begin shipout hook (HO)
Package: refcount 2016/05/16 v3.5 Data extraction from label references (HO)
Package: hycolor 2016/05/16 v1.8 Color options for hyperref/bookmark (HO)
)
(c:/Users/jimmy/AppData/Roaming/TinyTeX/texmf-dist/tex/latex/graphics/keyval.st
y
Package: keyval 2014/10/28 v1.15 key=value parser (DPC)
\KV@toks@=\toks22
)
(c:/Users/jimmy/AppData/Roaming/TinyTeX/texmf-dist/tex/latex/oberdiek/auxhook.s
ty
Package: auxhook 2016/05/16 v1.4 Hooks for auxiliary files (HO)
)
(c:/Users/jimmy/AppData/Roaming/TinyTeX/texmf-dist/tex/latex/oberdiek/kvoptions
.sty
Package: kvoptions 2016/05/16 v3.12 Key value format for package options (HO)
)
\@linkdim=\dimen112
\Hy@linkcounter=\count101
\Hy@pagecounter=\count102

(c:/Users/jimmy/AppData/Roaming/TinyTeX/texmf-dist/tex/latex/hyperref/pd1enc.de
f
File: pd1enc.def 2019/06/12 v6.88h Hyperref: PDFDocEncoding definition (HO)
Now handling font encoding PD1 ...
... no UTF-8 mapping file for font encoding PD1
)
\Hy@SavedSpaceFactor=\count103

(c:/Users/jimmy/AppData/Roaming/TinyTeX/texmf-dist/tex/latex/latexconfig/hyperr
ef.cfg
File: hyperref.cfg 2002/06/06 v1.2 hyperref configuration of TeXLive
)
Package hyperref Info: Hyper figures OFF on input line 4550.
Package hyperref Info: Link nesting OFF on input line 4555.
Package hyperref Info: Hyper index ON on input line 4558.
Package hyperref Info: Plain pages OFF on input line 4565.
Package hyperref Info: Backreferencing OFF on input line 4570.
Package hyperref Info: Implicit mode ON; LaTeX internals redefined.
Package hyperref Info: Bookmarks ON on input line 4803.
\c@Hy@tempcnt=\count104
(c:/Users/jimmy/AppData/Roaming/TinyTeX/texmf-dist/tex/latex/url/url.sty
\Urlmuskip=\muskip11
Package: url 2013/09/16  ver 3.4  Verb mode for urls, etc.
)
LaTeX Info: Redefining \url on input line 5156.
\XeTeXLinkMargin=\dimen113
\Fld@menulength=\count105
\Field@Width=\dimen114
\Fld@charsize=\dimen115
Package hyperref Info: Hyper figures OFF on input line 6411.
Package hyperref Info: Link nesting OFF on input line 6416.
Package hyperref Info: Hyper index ON on input line 6419.
Package hyperref Info: backreferencing OFF on input line 6426.
Package hyperref Info: Link coloring OFF on input line 6431.
Package hyperref Info: Link coloring with OCG OFF on input line 6436.
Package hyperref Info: PDF/A mode OFF on input line 6441.
LaTeX Info: Redefining \ref on input line 6481.
LaTeX Info: Redefining \pageref on input line 6485.
\Hy@abspage=\count106
\c@Item=\count107
\c@Hfootnote=\count108
)
Package hyperref Info: Driver (autodetected): hpdftex.

(c:/Users/jimmy/AppData/Roaming/TinyTeX/texmf-dist/tex/latex/hyperref/hpdftex.d
ef
File: hpdftex.def 2019/06/12 v6.88h Hyperref driver for pdfTeX
\Fld@listcount=\count109
\c@bookmark@seq@number=\count110

(c:/Users/jimmy/AppData/Roaming/TinyTeX/texmf-dist/tex/latex/oberdiek/rerunfile
check.sty
Package: rerunfilecheck 2016/05/16 v1.8 Rerun checks for auxiliary files (HO)
Package uniquecounter Info: New unique counter `rerunfilecheck' on input line 2
82.
)
\Hy@SectionHShift=\skip46
)
Package hyperref Info: Option `unicode' set `true' on input line 29.

(c:/Users/jimmy/AppData/Roaming/TinyTeX/texmf-dist/tex/latex/hyperref/puenc.def
File: puenc.def 2019/06/12 v6.88h Hyperref: PDF Unicode definition (HO)
Now handling font encoding PU ...
... no UTF-8 mapping file for font encoding PU
)
Package hyperref Info: Option `breaklinks' set `true' on input line 29.

(c:/Users/jimmy/AppData/Roaming/TinyTeX/texmf-dist/tex/latex/graphics/color.sty
Package: color 2016/07/10 v1.1e Standard LaTeX Color (DPC)

(c:/Users/jimmy/AppData/Roaming/TinyTeX/texmf-dist/tex/latex/graphics-cfg/color
.cfg
File: color.cfg 2016/01/02 v1.6 sample color configuration
)
Package color Info: Driver file: pdftex.def on input line 147.

(c:/Users/jimmy/AppData/Roaming/TinyTeX/texmf-dist/tex/latex/graphics-def/pdfte
x.def
File: pdftex.def 2018/01/08 v1.0l Graphics/color driver for pdftex
))
(c:/Users/jimmy/AppData/Roaming/TinyTeX/texmf-dist/tex/latex/fancyvrb/fancyvrb.
sty
Package: fancyvrb 2019/01/15
Style option: `fancyvrb' v3.2a <2019/01/15> (tvz)
\FV@CodeLineNo=\count111
\FV@InFile=\read1
\FV@TabBox=\box29
\c@FancyVerbLine=\count112
\FV@StepNumber=\count113
\FV@OutFile=\write3
) (c:/Users/jimmy/AppData/Roaming/TinyTeX/texmf-dist/tex/latex/framed/framed.st
y
Package: framed 2011/10/22 v 0.96: framed or shaded text with page breaks
\OuterFrameSep=\skip47
\fb@frw=\dimen116
\fb@frh=\dimen117
\FrameRule=\dimen118
\FrameSep=\dimen119
)
(c:/Users/jimmy/AppData/Roaming/TinyTeX/texmf-dist/tex/latex/tools/longtable.st
y
Package: longtable 2014/10/28 v4.11 Multi-page Table package (DPC)+ FMi change
\LTleft=\skip48
\LTright=\skip49
\LTpre=\skip50
\LTpost=\skip51
\LTchunksize=\count114
\LTcapwidth=\dimen120
\LT@head=\box30
\LT@firsthead=\box31
\LT@foot=\box32
\LT@lastfoot=\box33
\LT@cols=\count115
\LT@rows=\count116
\c@LT@tables=\count117
\c@LT@chunks=\count118
\LT@p@ftn=\toks23
)
(c:/Users/jimmy/AppData/Roaming/TinyTeX/texmf-dist/tex/latex/booktabs/booktabs.
sty
Package: booktabs 2016/04/27 v1.618033 publication quality tables
\heavyrulewidth=\dimen121
\lightrulewidth=\dimen122
\cmidrulewidth=\dimen123
\belowrulesep=\dimen124
\belowbottomsep=\dimen125
\aboverulesep=\dimen126
\abovetopsep=\dimen127
\cmidrulesep=\dimen128
\cmidrulekern=\dimen129
\defaultaddspace=\dimen130
\@cmidla=\count119
\@cmidlb=\count120
\@aboverulesep=\dimen131
\@belowrulesep=\dimen132
\@thisruleclass=\count121
\@lastruleclass=\count122
\@thisrulewidth=\dimen133
)
(c:/Users/jimmy/AppData/Roaming/TinyTeX/texmf-dist/tex/latex/graphics/graphicx.
sty
Package: graphicx 2017/06/01 v1.1a Enhanced LaTeX Graphics (DPC,SPQR)

(c:/Users/jimmy/AppData/Roaming/TinyTeX/texmf-dist/tex/latex/graphics/graphics.
sty
Package: graphics 2017/06/25 v1.2c Standard LaTeX Graphics (DPC,SPQR)
(c:/Users/jimmy/AppData/Roaming/TinyTeX/texmf-dist/tex/latex/graphics/trig.sty
Package: trig 2016/01/03 v1.10 sin cos tan (DPC)
)
(c:/Users/jimmy/AppData/Roaming/TinyTeX/texmf-dist/tex/latex/graphics-cfg/graph
ics.cfg
File: graphics.cfg 2016/06/04 v1.11 sample graphics configuration
)
Package graphics Info: Driver file: pdftex.def on input line 99.
)
\Gin@req@height=\dimen134
\Gin@req@width=\dimen135
)
(c:/Users/jimmy/AppData/Roaming/TinyTeX/texmf-dist/tex/latex/oberdiek/grffile.s
ty
Package: grffile 2017/06/30 v1.18 Extended file name support for graphics (HO)
Package grffile Info: Option `multidot' is set to `true'.
Package grffile Info: Option `extendedchars' is set to `false'.
Package grffile Info: Option `space' is set to `true'.
Package grffile Info: \Gin@ii of package `graphicx' fixed on input line 494.
)
(c:/Users/jimmy/AppData/Roaming/TinyTeX/texmf-dist/tex/latex/titling/titling.st
y
Package: titling 2009/09/04 v2.1d maketitle typesetting
\thanksmarkwidth=\skip52
\thanksmargin=\skip53
\droptitle=\skip54
) (c:/Users/jimmy/AppData/Roaming/TinyTeX/texmf-dist/tex/latex/amscls/amsthm.st
y
Package: amsthm 2017/10/31 v2.20.4
\thm@style=\toks24
\thm@bodyfont=\toks25
\thm@headfont=\toks26
\thm@notefont=\toks27
\thm@headpunct=\toks28
\thm@preskip=\skip55
\thm@postskip=\skip56
\thm@headsep=\skip57
\dth@everypar=\toks29
)
\c@theorem=\count123
\c@lemma=\count124
\c@corollary=\count125
\c@proposition=\count126
\c@conjecture=\count127
\c@definition=\count128
\c@example=\count129
\c@exercise=\count130
(./Introduction_to_R.aux

LaTeX Warning: Label `exm:spread1' multiply defined.

)
\openout1 = `Introduction_to_R.aux'.

LaTeX Font Info:    Checking defaults for OML/cmm/m/it on input line 144.
LaTeX Font Info:    ... okay on input line 144.
LaTeX Font Info:    Checking defaults for T1/cmr/m/n on input line 144.
LaTeX Font Info:    ... okay on input line 144.
LaTeX Font Info:    Checking defaults for OT1/cmr/m/n on input line 144.
LaTeX Font Info:    ... okay on input line 144.
LaTeX Font Info:    Checking defaults for OMS/cmsy/m/n on input line 144.
LaTeX Font Info:    ... okay on input line 144.
LaTeX Font Info:    Checking defaults for OMX/cmex/m/n on input line 144.
LaTeX Font Info:    ... okay on input line 144.
LaTeX Font Info:    Checking defaults for U/cmr/m/n on input line 144.
LaTeX Font Info:    ... okay on input line 144.
LaTeX Font Info:    Checking defaults for TS1/cmr/m/n on input line 144.
LaTeX Font Info:    Try loading font information for TS1+cmr on input line 144.

(c:/Users/jimmy/AppData/Roaming/TinyTeX/texmf-dist/tex/latex/base/ts1cmr.fd
File: ts1cmr.fd 2014/09/29 v2.5h Standard LaTeX font definitions
)
LaTeX Font Info:    ... okay on input line 144.
LaTeX Font Info:    Checking defaults for PD1/pdf/m/n on input line 144.
LaTeX Font Info:    ... okay on input line 144.
LaTeX Font Info:    Checking defaults for PU/pdf/m/n on input line 144.
LaTeX Font Info:    ... okay on input line 144.
LaTeX Font Info:    Try loading font information for T1+lmr on input line 144.
(c:/Users/jimmy/AppData/Roaming/TinyTeX/texmf-dist/tex/latex/lm/t1lmr.fd
File: t1lmr.fd 2009/10/30 v1.6 Font defs for Latin Modern
)
\AtBeginShipoutBox=\box34
Package hyperref Info: Link coloring OFF on input line 144.

(c:/Users/jimmy/AppData/Roaming/TinyTeX/texmf-dist/tex/latex/hyperref/nameref.s
ty
Package: nameref 2016/05/21 v2.44 Cross-referencing by name of section

(c:/Users/jimmy/AppData/Roaming/TinyTeX/texmf-dist/tex/generic/oberdiek/gettitl
estring.sty
Package: gettitlestring 2016/05/16 v1.5 Cleanup title references (HO)
)
\c@section@level=\count131
)
LaTeX Info: Redefining \ref on input line 144.
LaTeX Info: Redefining \pageref on input line 144.
LaTeX Info: Redefining \nameref on input line 144.
(./Introduction_to_R.out) (./Introduction_to_R.out)
\@outlinefile=\write4
\openout4 = `Introduction_to_R.out'.


(c:/Users/jimmy/AppData/Roaming/TinyTeX/texmf-dist/tex/latex/oberdiek/epstopdf-
base.sty
Package: epstopdf-base 2016/05/15 v2.6 Base part for package epstopdf

(c:/Users/jimmy/AppData/Roaming/TinyTeX/texmf-dist/tex/latex/oberdiek/grfext.st
y
Package: grfext 2016/05/16 v1.2 Manage graphics extensions (HO)
)
Package epstopdf-base Info: Redefining graphics rule for `.eps' on input line 4
38.
Package grfext Info: Graphics extension search list:
(grfext)             [.pdf,.png,.jpg,.mps,.jpeg,.jbig2,.jb2,.PDF,.PNG,.JPG,.JPE
G,.JBIG2,.JB2,.eps]
(grfext)             \AppendGraphicsExtensions on input line 456.

(c:/Users/jimmy/AppData/Roaming/TinyTeX/texmf-dist/tex/latex/latexconfig/epstop
df-sys.cfg
File: epstopdf-sys.cfg 2010/07/13 v1.3 Configuration of (r)epstopdf for TeX Liv
e
)) [1


{c:/Users/jimmy/AppData/Roaming/TinyTeX/texmf-var/fonts/map/pdftex/updmap/pdfte
x.map}] [2

] (./Introduction_to_R.toc
LaTeX Font Info:    Try loading font information for OT1+lmr on input line 2.
(c:/Users/jimmy/AppData/Roaming/TinyTeX/texmf-dist/tex/latex/lm/ot1lmr.fd
File: ot1lmr.fd 2009/10/30 v1.6 Font defs for Latin Modern
)
LaTeX Font Info:    Try loading font information for OML+lmm on input line 2.
(c:/Users/jimmy/AppData/Roaming/TinyTeX/texmf-dist/tex/latex/lm/omllmm.fd
File: omllmm.fd 2009/10/30 v1.6 Font defs for Latin Modern
)
LaTeX Font Info:    Try loading font information for OMS+lmsy on input line 2.
(c:/Users/jimmy/AppData/Roaming/TinyTeX/texmf-dist/tex/latex/lm/omslmsy.fd
File: omslmsy.fd 2009/10/30 v1.6 Font defs for Latin Modern
)
LaTeX Font Info:    Try loading font information for OMX+lmex on input line 2.
(c:/Users/jimmy/AppData/Roaming/TinyTeX/texmf-dist/tex/latex/lm/omxlmex.fd
File: omxlmex.fd 2009/10/30 v1.6 Font defs for Latin Modern
)
LaTeX Font Info:    External font `lmex10' loaded for size
(Font)              <10> on input line 2.
LaTeX Font Info:    External font `lmex10' loaded for size
(Font)              <7> on input line 2.
LaTeX Font Info:    External font `lmex10' loaded for size
(Font)              <5> on input line 2.
LaTeX Font Info:    Try loading font information for U+msa on input line 2.
(c:/Users/jimmy/AppData/Roaming/TinyTeX/texmf-dist/tex/latex/amsfonts/umsa.fd
File: umsa.fd 2013/01/14 v3.01 AMS symbols A
)
LaTeX Font Info:    Try loading font information for U+msb on input line 2.
(c:/Users/jimmy/AppData/Roaming/TinyTeX/texmf-dist/tex/latex/amsfonts/umsb.fd
File: umsb.fd 2013/01/14 v3.01 AMS symbols B
) [3] [4])
\tf@toc=\write5
\openout5 = `Introduction_to_R.toc'.

[5] [6

]
Chapter 1.
<suppl/cover.png, id=380, 1061.46562pt x 1693.82813pt>
File: suppl/cover.png Graphic file (type png)
<use suppl/cover.png>
Package pdftex.def Info: suppl/cover.png  used on input line 154.
(pdftex.def)             Requested size: 344.6645pt x 549.99655pt.

Underfull \vbox (badness 10000) has occurred while \output is active []

[7]
Overfull \vbox (190.99655pt too high) has occurred while \output is active []

[8 <./suppl/cover.png>]
LaTeX Font Info:    Try loading font information for TS1+lmr on input line 161.

(c:/Users/jimmy/AppData/Roaming/TinyTeX/texmf-dist/tex/latex/lm/ts1lmr.fd
File: ts1lmr.fd 2009/10/30 v1.6 Font defs for Latin Modern
)
LaTeX Font Info:    Try loading font information for T1+lmtt on input line 173.

(c:/Users/jimmy/AppData/Roaming/TinyTeX/texmf-dist/tex/latex/lm/t1lmtt.fd
File: t1lmtt.fd 2009/10/30 v1.6 Font defs for Latin Modern
)
LaTeX Font Info:    Font shape `T1/lmtt/bx/n' in size <10> not available
(Font)              Font shape `T1/lmtt/b/n' tried instead on input line 175.
<suppl/DataCamp.png, id=399, 1375.1375pt x 311.1625pt>
File: suppl/DataCamp.png Graphic file (type png)
<use suppl/DataCamp.png>
Package pdftex.def Info: suppl/DataCamp.png  used on input line 216.
(pdftex.def)             Requested size: 1375.15514pt x 311.16649pt.

Overfull \hbox (1030.15514pt too wide) in paragraph at lines 216--217
[] 
 []

[9] [10 <./suppl/DataCamp.png>]
Chapter 2.
[11

] [12

] [13] [14]
Chapter 3.
<Introduction_to_R_files/figure-latex/unnamed-chunk-6-1.pdf, id=434, 794.97pt x
 144.54pt>
File: Introduction_to_R_files/figure-latex/unnamed-chunk-6-1.pdf Graphic file (
type pdf)
<use Introduction_to_R_files/figure-latex/unnamed-chunk-6-1.pdf>
Package pdftex.def Info: Introduction_to_R_files/figure-latex/unnamed-chunk-6-1
.pdf  used on input line 285.
(pdftex.def)             Requested size: 345.00856pt x 62.72882pt.
<Introduction_to_R_files/figure-latex/unnamed-chunk-7-1.pdf, id=435, 542.025pt 
x 144.54pt>
File: Introduction_to_R_files/figure-latex/unnamed-chunk-7-1.pdf Graphic file (
type pdf)
<use Introduction_to_R_files/figure-latex/unnamed-chunk-7-1.pdf>
Package pdftex.def Info: Introduction_to_R_files/figure-latex/unnamed-chunk-7-1
.pdf  used on input line 308.
(pdftex.def)             Requested size: 345.00911pt x 92.00241pt.
[15

 <./Introduction_to_R_files/figure-latex/unnamed-chunk-6-1.pdf>] [16 <./Introdu
ction_to_R_files/figure-latex/unnamed-chunk-7-1.pdf>]
Chapter 4.
[17

]
<Introduction_to_R_files/figure-latex/unnamed-chunk-9-1.pdf, id=487, 578.16pt x
 144.54pt>
File: Introduction_to_R_files/figure-latex/unnamed-chunk-9-1.pdf Graphic file (
type pdf)
<use Introduction_to_R_files/figure-latex/unnamed-chunk-9-1.pdf>
Package pdftex.def Info: Introduction_to_R_files/figure-latex/unnamed-chunk-9-1
.pdf  used on input line 440.
(pdftex.def)             Requested size: 344.99312pt x 86.24826pt.
<Introduction_to_R_files/figure-latex/unnamed-chunk-11-1.pdf, id=488, 578.16pt 
x 144.54pt>
File: Introduction_to_R_files/figure-latex/unnamed-chunk-11-1.pdf Graphic file 
(type pdf)
<use Introduction_to_R_files/figure-latex/unnamed-chunk-11-1.pdf>
Package pdftex.def Info: Introduction_to_R_files/figure-latex/unnamed-chunk-11-
1.pdf  used on input line 456.
(pdftex.def)             Requested size: 344.99312pt x 86.24826pt.
[18 <./Introduction_to_R_files/figure-latex/unnamed-chunk-9-1.pdf>]
<Introduction_to_R_files/figure-latex/unnamed-chunk-13-1.pdf, id=508, 578.16pt 
x 108.405pt>
File: Introduction_to_R_files/figure-latex/unnamed-chunk-13-1.pdf Graphic file 
(type pdf)
<use Introduction_to_R_files/figure-latex/unnamed-chunk-13-1.pdf>
Package pdftex.def Info: Introduction_to_R_files/figure-latex/unnamed-chunk-13-
1.pdf  used on input line 472.
(pdftex.def)             Requested size: 344.99312pt x 64.6862pt.
[19 <./Introduction_to_R_files/figure-latex/unnamed-chunk-11-1.pdf> <./Introduc
tion_to_R_files/figure-latex/unnamed-chunk-13-1.pdf>]
<Introduction_to_R_files/figure-latex/unnamed-chunk-14-1.pdf, id=536, 578.16pt 
x 144.54pt>
File: Introduction_to_R_files/figure-latex/unnamed-chunk-14-1.pdf Graphic file 
(type pdf)
<use Introduction_to_R_files/figure-latex/unnamed-chunk-14-1.pdf>
Package pdftex.def Info: Introduction_to_R_files/figure-latex/unnamed-chunk-14-
1.pdf  used on input line 548.
(pdftex.def)             Requested size: 344.99312pt x 86.24826pt.
<Introduction_to_R_files/figure-latex/unnamed-chunk-16-1.pdf, id=537, 578.16pt 
x 144.54pt>
File: Introduction_to_R_files/figure-latex/unnamed-chunk-16-1.pdf Graphic file 
(type pdf)
<use Introduction_to_R_files/figure-latex/unnamed-chunk-16-1.pdf>
Package pdftex.def Info: Introduction_to_R_files/figure-latex/unnamed-chunk-16-
1.pdf  used on input line 564.
(pdftex.def)             Requested size: 344.99312pt x 86.24826pt.
<Introduction_to_R_files/figure-latex/unnamed-chunk-18-1.pdf, id=538, 578.16pt 
x 144.54pt>
File: Introduction_to_R_files/figure-latex/unnamed-chunk-18-1.pdf Graphic file 
(type pdf)
<use Introduction_to_R_files/figure-latex/unnamed-chunk-18-1.pdf>
Package pdftex.def Info: Introduction_to_R_files/figure-latex/unnamed-chunk-18-
1.pdf  used on input line 580.
(pdftex.def)             Requested size: 344.99312pt x 86.24826pt.
[20 <./Introduction_to_R_files/figure-latex/unnamed-chunk-14-1.pdf>]
<Introduction_to_R_files/figure-latex/unnamed-chunk-20-1.pdf, id=560, 578.16pt 
x 144.54pt>
File: Introduction_to_R_files/figure-latex/unnamed-chunk-20-1.pdf Graphic file 
(type pdf)
<use Introduction_to_R_files/figure-latex/unnamed-chunk-20-1.pdf>
Package pdftex.def Info: Introduction_to_R_files/figure-latex/unnamed-chunk-20-
1.pdf  used on input line 596.
(pdftex.def)             Requested size: 344.99312pt x 86.24826pt.
<Introduction_to_R_files/figure-latex/unnamed-chunk-22-1.pdf, id=561, 578.16pt 
x 144.54pt>
File: Introduction_to_R_files/figure-latex/unnamed-chunk-22-1.pdf Graphic file 
(type pdf)
<use Introduction_to_R_files/figure-latex/unnamed-chunk-22-1.pdf>
Package pdftex.def Info: Introduction_to_R_files/figure-latex/unnamed-chunk-22-
1.pdf  used on input line 612.
(pdftex.def)             Requested size: 344.99312pt x 86.24826pt.
[21 <./Introduction_to_R_files/figure-latex/unnamed-chunk-16-1.pdf> <./Introduc
tion_to_R_files/figure-latex/unnamed-chunk-18-1.pdf> <./Introduction_to_R_files
/figure-latex/unnamed-chunk-20-1.pdf>]
<Introduction_to_R_files/figure-latex/unnamed-chunk-23-1.pdf, id=596, 578.16pt 
x 144.54pt>
File: Introduction_to_R_files/figure-latex/unnamed-chunk-23-1.pdf Graphic file 
(type pdf)
<use Introduction_to_R_files/figure-latex/unnamed-chunk-23-1.pdf>
Package pdftex.def Info: Introduction_to_R_files/figure-latex/unnamed-chunk-23-
1.pdf  used on input line 653.
(pdftex.def)             Requested size: 344.99312pt x 86.24826pt.
[22 <./Introduction_to_R_files/figure-latex/unnamed-chunk-22-1.pdf> <./Introduc
tion_to_R_files/figure-latex/unnamed-chunk-23-1.pdf>]
<Introduction_to_R_files/figure-latex/unnamed-chunk-25-1.pdf, id=622, 578.16pt 
x 144.54pt>
File: Introduction_to_R_files/figure-latex/unnamed-chunk-25-1.pdf Graphic file 
(type pdf)
<use Introduction_to_R_files/figure-latex/unnamed-chunk-25-1.pdf>
Package pdftex.def Info: Introduction_to_R_files/figure-latex/unnamed-chunk-25-
1.pdf  used on input line 671.
(pdftex.def)             Requested size: 344.99312pt x 86.24826pt.
<Introduction_to_R_files/figure-latex/unnamed-chunk-27-1.pdf, id=623, 578.16pt 
x 144.54pt>
File: Introduction_to_R_files/figure-latex/unnamed-chunk-27-1.pdf Graphic file 
(type pdf)
<use Introduction_to_R_files/figure-latex/unnamed-chunk-27-1.pdf>
Package pdftex.def Info: Introduction_to_R_files/figure-latex/unnamed-chunk-27-
1.pdf  used on input line 687.
(pdftex.def)             Requested size: 344.99312pt x 86.24826pt.
<Introduction_to_R_files/figure-latex/unnamed-chunk-29-1.pdf, id=624, 578.16pt 
x 144.54pt>
File: Introduction_to_R_files/figure-latex/unnamed-chunk-29-1.pdf Graphic file 
(type pdf)
<use Introduction_to_R_files/figure-latex/unnamed-chunk-29-1.pdf>
Package pdftex.def Info: Introduction_to_R_files/figure-latex/unnamed-chunk-29-
1.pdf  used on input line 702.
(pdftex.def)             Requested size: 344.99312pt x 86.24826pt.
[23 <./Introduction_to_R_files/figure-latex/unnamed-chunk-25-1.pdf> <./Introduc
tion_to_R_files/figure-latex/unnamed-chunk-27-1.pdf>]
<Introduction_to_R_files/figure-latex/unnamed-chunk-30-1.pdf, id=652, 578.16pt 
x 144.54pt>
File: Introduction_to_R_files/figure-latex/unnamed-chunk-30-1.pdf Graphic file 
(type pdf)
<use Introduction_to_R_files/figure-latex/unnamed-chunk-30-1.pdf>
Package pdftex.def Info: Introduction_to_R_files/figure-latex/unnamed-chunk-30-
1.pdf  used on input line 760.
(pdftex.def)             Requested size: 344.99312pt x 86.24826pt.
[24 <./Introduction_to_R_files/figure-latex/unnamed-chunk-29-1.pdf>]
<Introduction_to_R_files/figure-latex/unnamed-chunk-32-1.pdf, id=673, 578.16pt 
x 144.54pt>
File: Introduction_to_R_files/figure-latex/unnamed-chunk-32-1.pdf Graphic file 
(type pdf)
<use Introduction_to_R_files/figure-latex/unnamed-chunk-32-1.pdf>
Package pdftex.def Info: Introduction_to_R_files/figure-latex/unnamed-chunk-32-
1.pdf  used on input line 777.
(pdftex.def)             Requested size: 344.99312pt x 86.24826pt.
<Introduction_to_R_files/figure-latex/unnamed-chunk-34-1.pdf, id=674, 578.16pt 
x 144.54pt>
File: Introduction_to_R_files/figure-latex/unnamed-chunk-34-1.pdf Graphic file 
(type pdf)
<use Introduction_to_R_files/figure-latex/unnamed-chunk-34-1.pdf>
Package pdftex.def Info: Introduction_to_R_files/figure-latex/unnamed-chunk-34-
1.pdf  used on input line 800.
(pdftex.def)             Requested size: 344.99312pt x 86.24826pt.
[25 <./Introduction_to_R_files/figure-latex/unnamed-chunk-30-1.pdf> <./Introduc
tion_to_R_files/figure-latex/unnamed-chunk-32-1.pdf>]
<Introduction_to_R_files/figure-latex/unnamed-chunk-36-1.pdf, id=700, 650.43pt 
x 144.54pt>
File: Introduction_to_R_files/figure-latex/unnamed-chunk-36-1.pdf Graphic file 
(type pdf)
<use Introduction_to_R_files/figure-latex/unnamed-chunk-36-1.pdf>
Package pdftex.def Info: Introduction_to_R_files/figure-latex/unnamed-chunk-36-
1.pdf  used on input line 827.
(pdftex.def)             Requested size: 345.00415pt x 76.66757pt.
[26 <./Introduction_to_R_files/figure-latex/unnamed-chunk-34-1.pdf> <./Introduc
tion_to_R_files/figure-latex/unnamed-chunk-36-1.pdf>]
<Introduction_to_R_files/figure-latex/unnamed-chunk-37-1.pdf, id=722, 722.7pt x
 325.215pt>
File: Introduction_to_R_files/figure-latex/unnamed-chunk-37-1.pdf Graphic file 
(type pdf)
<use Introduction_to_R_files/figure-latex/unnamed-chunk-37-1.pdf>
Package pdftex.def Info: Introduction_to_R_files/figure-latex/unnamed-chunk-37-
1.pdf  used on input line 867.
(pdftex.def)             Requested size: 344.99533pt x 155.2479pt.
<Introduction_to_R_files/figure-latex/unnamed-chunk-38-1.pdf, id=723, 469.755pt
 x 325.215pt>
File: Introduction_to_R_files/figure-latex/unnamed-chunk-38-1.pdf Graphic file 
(type pdf)
<use Introduction_to_R_files/figure-latex/unnamed-chunk-38-1.pdf>
Package pdftex.def Info: Introduction_to_R_files/figure-latex/unnamed-chunk-38-
1.pdf  used on input line 890.
(pdftex.def)             Requested size: 344.997pt x 238.84406pt.

Underfull \vbox (badness 10000) has occurred while \output is active []

[27 <./Introduction_to_R_files/figure-latex/unnamed-chunk-37-1.pdf>]
<Introduction_to_R_files/figure-latex/unnamed-chunk-40-1.pdf, id=733, 686.565pt
 x 144.54pt>
File: Introduction_to_R_files/figure-latex/unnamed-chunk-40-1.pdf Graphic file 
(type pdf)
<use Introduction_to_R_files/figure-latex/unnamed-chunk-40-1.pdf>
Package pdftex.def Info: Introduction_to_R_files/figure-latex/unnamed-chunk-40-
1.pdf  used on input line 914.
(pdftex.def)             Requested size: 344.99974pt x 72.6315pt.

Underfull \vbox (badness 1406) has occurred while \output is active []

[28 <./Introduction_to_R_files/figure-latex/unnamed-chunk-40-1.pdf> <./Introduc
tion_to_R_files/figure-latex/unnamed-chunk-38-1.pdf>] [29]
<Introduction_to_R_files/figure-latex/unnamed-chunk-43-1.pdf, id=764, 686.565pt
 x 144.54pt>
File: Introduction_to_R_files/figure-latex/unnamed-chunk-43-1.pdf Graphic file 
(type pdf)
<use Introduction_to_R_files/figure-latex/unnamed-chunk-43-1.pdf>
Package pdftex.def Info: Introduction_to_R_files/figure-latex/unnamed-chunk-43-
1.pdf  used on input line 986.
(pdftex.def)             Requested size: 344.99974pt x 72.6315pt.
[30 <./Introduction_to_R_files/figure-latex/unnamed-chunk-43-1.pdf>]
<Introduction_to_R_files/figure-latex/unnamed-chunk-45-1.pdf, id=782, 722.7pt x
 144.54pt>
File: Introduction_to_R_files/figure-latex/unnamed-chunk-45-1.pdf Graphic file 
(type pdf)
<use Introduction_to_R_files/figure-latex/unnamed-chunk-45-1.pdf>
Package pdftex.def Info: Introduction_to_R_files/figure-latex/unnamed-chunk-45-
1.pdf  used on input line 1041.
(pdftex.def)             Requested size: 344.99533pt x 68.99905pt.
<Introduction_to_R_files/figure-latex/unnamed-chunk-47-1.pdf, id=783, 867.24pt 
x 144.54pt>
File: Introduction_to_R_files/figure-latex/unnamed-chunk-47-1.pdf Graphic file 
(type pdf)
<use Introduction_to_R_files/figure-latex/unnamed-chunk-47-1.pdf>
Package pdftex.def Info: Introduction_to_R_files/figure-latex/unnamed-chunk-47-
1.pdf  used on input line 1058.
(pdftex.def)             Requested size: 344.99754pt x 57.49957pt.
<Introduction_to_R_files/figure-latex/unnamed-chunk-49-1.pdf, id=784, 831.105pt
 x 144.54pt>
File: Introduction_to_R_files/figure-latex/unnamed-chunk-49-1.pdf Graphic file 
(type pdf)
<use Introduction_to_R_files/figure-latex/unnamed-chunk-49-1.pdf>
Package pdftex.def Info: Introduction_to_R_files/figure-latex/unnamed-chunk-49-
1.pdf  used on input line 1074.
(pdftex.def)             Requested size: 345.0036pt x 60.00061pt.
<Introduction_to_R_files/figure-latex/unnamed-chunk-50-1.pdf, id=785, 469.755pt
 x 325.215pt>
File: Introduction_to_R_files/figure-latex/unnamed-chunk-50-1.pdf Graphic file 
(type pdf)
<use Introduction_to_R_files/figure-latex/unnamed-chunk-50-1.pdf>
Package pdftex.def Info: Introduction_to_R_files/figure-latex/unnamed-chunk-50-
1.pdf  used on input line 1080.
(pdftex.def)             Requested size: 344.997pt x 238.84406pt.
[31 <./Introduction_to_R_files/figure-latex/unnamed-chunk-45-1.pdf> <./Introduc
tion_to_R_files/figure-latex/unnamed-chunk-47-1.pdf>]
Overfull \hbox (15.2922pt too wide) in paragraph at lines 1083--1084
[][]\T1/lmr/bx/n/10 Example 4.17. []\T1/lmr/m/n/10 add_count() is a nice al-ter
-na-tive, to the group_by()%>%mutate()
 []

<Introduction_to_R_files/figure-latex/unnamed-chunk-52-1.pdf, id=811, 578.16pt 
x 144.54pt>
File: Introduction_to_R_files/figure-latex/unnamed-chunk-52-1.pdf Graphic file 
(type pdf)
<use Introduction_to_R_files/figure-latex/unnamed-chunk-52-1.pdf>
Package pdftex.def Info: Introduction_to_R_files/figure-latex/unnamed-chunk-52-
1.pdf  used on input line 1095.
(pdftex.def)             Requested size: 344.99312pt x 86.24826pt.
[32 <./Introduction_to_R_files/figure-latex/unnamed-chunk-49-1.pdf> <./Introduc
tion_to_R_files/figure-latex/unnamed-chunk-50-1.pdf>]
<Introduction_to_R_files/figure-latex/unnamed-chunk-54-1.pdf, id=834, 867.24pt 
x 72.27pt>
File: Introduction_to_R_files/figure-latex/unnamed-chunk-54-1.pdf Graphic file 
(type pdf)
<use Introduction_to_R_files/figure-latex/unnamed-chunk-54-1.pdf>
Package pdftex.def Info: Introduction_to_R_files/figure-latex/unnamed-chunk-54-
1.pdf  used on input line 1152.
(pdftex.def)             Requested size: 344.99754pt x 28.74979pt.
<Introduction_to_R_files/figure-latex/unnamed-chunk-56-1.pdf, id=835, 867.24pt 
x 72.27pt>
File: Introduction_to_R_files/figure-latex/unnamed-chunk-56-1.pdf Graphic file 
(type pdf)
<use Introduction_to_R_files/figure-latex/unnamed-chunk-56-1.pdf>
Package pdftex.def Info: Introduction_to_R_files/figure-latex/unnamed-chunk-56-
1.pdf  used on input line 1171.
(pdftex.def)             Requested size: 344.99754pt x 28.74979pt.

Overfull \hbox (4.0974pt too wide) in paragraph at lines 1176--1177
[][]\T1/lmr/bx/n/10 Example 4.20. []\T1/lmr/m/n/10 count() is a nice al-ter-na-
tive to the group_by()%>%summarise()
 []

[33 <./Introduction_to_R_files/figure-latex/unnamed-chunk-52-1.pdf> <./Introduc
tion_to_R_files/figure-latex/unnamed-chunk-54-1.pdf>]
<Introduction_to_R_files/figure-latex/Grouped Frequencies-1.pdf, id=863, 867.24
pt x 72.27pt>
File: Introduction_to_R_files/figure-latex/Grouped Frequencies-1.pdf Graphic fi
le (type pdf)
<use Introduction_to_R_files/figure-latex/Grouped Frequencies-1.pdf>
Package pdftex.def Info: Introduction_to_R_files/figure-latex/Grouped Frequenci
es-1.pdf  used on input line 1186.
(pdftex.def)             Requested size: 344.99754pt x 28.74979pt.
[34 <./Introduction_to_R_files/figure-latex/unnamed-chunk-56-1.pdf> <./Introduc
tion_to_R_files/figure-latex/Grouped Frequencies-1.pdf>]
<Introduction_to_R_files/figure-latex/unnamed-chunk-59-1.pdf, id=892, 578.16pt 
x 72.27pt>
File: Introduction_to_R_files/figure-latex/unnamed-chunk-59-1.pdf Graphic file 
(type pdf)
<use Introduction_to_R_files/figure-latex/unnamed-chunk-59-1.pdf>
Package pdftex.def Info: Introduction_to_R_files/figure-latex/unnamed-chunk-59-
1.pdf  used on input line 1239.
(pdftex.def)             Requested size: 344.99312pt x 43.12413pt.
<Introduction_to_R_files/figure-latex/unnamed-chunk-61-1.pdf, id=893, 578.16pt 
x 72.27pt>
File: Introduction_to_R_files/figure-latex/unnamed-chunk-61-1.pdf Graphic file 
(type pdf)
<use Introduction_to_R_files/figure-latex/unnamed-chunk-61-1.pdf>
Package pdftex.def Info: Introduction_to_R_files/figure-latex/unnamed-chunk-61-
1.pdf  used on input line 1261.
(pdftex.def)             Requested size: 344.99312pt x 43.12413pt.
[35 <./Introduction_to_R_files/figure-latex/unnamed-chunk-59-1.pdf> <./Introduc
tion_to_R_files/figure-latex/unnamed-chunk-61-1.pdf>] [36

]
Chapter 5.
[37]
LaTeX Font Info:    Try loading font information for TS1+lmtt on input line 136
3.
(c:/Users/jimmy/AppData/Roaming/TinyTeX/texmf-dist/tex/latex/lm/ts1lmtt.fd
File: ts1lmtt.fd 2009/10/30 v1.6 Font defs for Latin Modern
) [38] [39] [40]
Overfull \hbox (53.99884pt too wide) in paragraph at lines 1565--1565
[]\T1/lmtt/m/n/10 ##   beck_fun_m beck_fun_med beck_fun_sd beck_fun_var beck_fu
n_mad swb_fun_m[] 
 []


Overfull \hbox (53.99884pt too wide) in paragraph at lines 1565--1565
[]\T1/lmtt/m/n/10 ##        <dbl>        <dbl>       <dbl>        <dbl>        
<dbl>     <dbl>[] 
 []


Overfull \hbox (53.99884pt too wide) in paragraph at lines 1565--1565
[]\T1/lmtt/m/n/10 ## 1       4.19         4.33        1.40         1.95        
 1.48      4.19[] 
 []


Overfull \hbox (11.99896pt too wide) in paragraph at lines 1565--1565
[]\T1/lmtt/m/n/10 ## # ... with 9 more variables: swb_fun_med <dbl>, swb_fun_sd
 <dbl>,[] 
 []

[41]
Overfull \hbox (53.99884pt too wide) in paragraph at lines 1614--1614
[]\T1/lmtt/m/n/10 ##   Therapist beck_fun_m beck_fun_med beck_fun_sd beck_fun_v
ar beck_fun_mad[] 
 []


Overfull \hbox (53.99884pt too wide) in paragraph at lines 1614--1614
[]\T1/lmtt/m/n/10 ##   <chr>          <dbl>        <dbl>       <dbl>        <db
l>        <dbl>[] 
 []


Overfull \hbox (53.99884pt too wide) in paragraph at lines 1614--1614
[]\T1/lmtt/m/n/10 ## 1 Blaine          3.97         4           1.43         2.
04         1.48[] 
 []


Overfull \hbox (53.99884pt too wide) in paragraph at lines 1614--1614
[]\T1/lmtt/m/n/10 ## 2 Dustin          4.21         4.33        1.41         2.
00         1.48[] 
 []


Overfull \hbox (53.99884pt too wide) in paragraph at lines 1614--1614
[]\T1/lmtt/m/n/10 ## 3 Nikola          4.29         4.33        1.34         1.
80         1.48[] 
 []


Overfull \hbox (53.99884pt too wide) in paragraph at lines 1614--1614
[]\T1/lmtt/m/n/10 ## 4 Ricardo         4.18         4.33        1.32         1.
75         1.48[] 
 []


Overfull \hbox (53.99884pt too wide) in paragraph at lines 1614--1614
[]\T1/lmtt/m/n/10 ## 5 Samantha        4.28         4.33        1.46         2.
12         1.48[] 
 []


Overfull \hbox (11.99896pt too wide) in paragraph at lines 1614--1614
[]\T1/lmtt/m/n/10 ## # ... with 10 more variables: swb_fun_m <dbl>, swb_fun_med
 <dbl>,[] 
 []


Overfull \hbox (48.74886pt too wide) in paragraph at lines 1614--1614
[]\T1/lmtt/m/n/10 ## #   swb_fun_sd <dbl>, swb_fun_var <dbl>, swb_fun_mad <dbl>
, rec_m <dbl>,[] 
 []

[42] [43]
Overfull \hbox (11.99896pt too wide) in paragraph at lines 1722--1722
[]\T1/lmtt/m/n/10 ##   Recruitment_Channel recovery      p recovery_mp recovery
_cond_p[] 
 []


Overfull \hbox (11.99896pt too wide) in paragraph at lines 1722--1722
[]\T1/lmtt/m/n/10 ##   <chr>                  <dbl>  <dbl>       <dbl>         
  <dbl>[] 
 []


Overfull \hbox (11.99896pt too wide) in paragraph at lines 1722--1722
[]\T1/lmtt/m/n/10 ## 1 Email                      0 0.156        0.582         
  0.578[] 
 []


Overfull \hbox (11.99896pt too wide) in paragraph at lines 1722--1722
[]\T1/lmtt/m/n/10 ## 2 Email                      1 0.114        0.418         
  0.422[] 
 []


Overfull \hbox (11.99896pt too wide) in paragraph at lines 1722--1722
[]\T1/lmtt/m/n/10 ## 3 Friend Referral            0 0.134        0.582         
  0.557[] 
 []


Overfull \hbox (11.99896pt too wide) in paragraph at lines 1722--1722
[]\T1/lmtt/m/n/10 ## 4 Friend Referral            1 0.107        0.418         
  0.443[] 
 []


Overfull \hbox (11.99896pt too wide) in paragraph at lines 1722--1722
[]\T1/lmtt/m/n/10 ## 5 Google                     0 0.154        0.582         
  0.639[] 
 []


Overfull \hbox (11.99896pt too wide) in paragraph at lines 1722--1722
[]\T1/lmtt/m/n/10 ## 6 Google                     1 0.0867       0.418         
  0.361[] 
 []


Overfull \hbox (11.99896pt too wide) in paragraph at lines 1722--1722
[]\T1/lmtt/m/n/10 ## 7 Medical Referral           0 0.139        0.582         
  0.557[] 
 []


Overfull \hbox (11.99896pt too wide) in paragraph at lines 1722--1722
[]\T1/lmtt/m/n/10 ## 8 Medical Referral           1 0.110        0.418         
  0.443[] 
 []

[44]
Overfull \hbox (43.49887pt too wide) in paragraph at lines 1804--1804
[]\T1/lmtt/m/n/10 ##   beck_fun_m swb_fun_m recovery_m beck_fun_med swb_fun_med
 recovery_med[] 
 []


Overfull \hbox (43.49887pt too wide) in paragraph at lines 1804--1804
[]\T1/lmtt/m/n/10 ##        <dbl>     <dbl>      <dbl>        <dbl>       <dbl>
        <dbl>[] 
 []


Overfull \hbox (43.49887pt too wide) in paragraph at lines 1804--1804
[]\T1/lmtt/m/n/10 ## 1       4.19      4.19      0.418         4.33        4.33
            0[] 
 []


Overfull \hbox (11.99896pt too wide) in paragraph at lines 1804--1804
[]\T1/lmtt/m/n/10 ## # ... with 9 more variables: beck_fun_sd <dbl>, swb_fun_sd
 <dbl>,[] 
 []

[45]
Overfull \hbox (27.74892pt too wide) in paragraph at lines 1825--1825
[]\T1/lmtt/m/n/10 ##   Therapist beck_fun_m swb_fun_m recovery_m beck_fun_med s
wb_fun_med[] 
 []


Overfull \hbox (27.74892pt too wide) in paragraph at lines 1825--1825
[]\T1/lmtt/m/n/10 ##   <chr>          <dbl>     <dbl>      <dbl>        <dbl>  
     <dbl>[] 
 []


Overfull \hbox (11.99896pt too wide) in paragraph at lines 1825--1825
[]\T1/lmtt/m/n/10 ## 1 Blaine          3.97      3.97      0.618         4     
      4[] 
 []


Overfull \hbox (27.74892pt too wide) in paragraph at lines 1825--1825
[]\T1/lmtt/m/n/10 ## 2 Dustin          4.21      4.21      0.337         4.33  
      4.33[] 
 []


Overfull \hbox (27.74892pt too wide) in paragraph at lines 1825--1825
[]\T1/lmtt/m/n/10 ## 3 Nikola          4.29      4.29      0.497         4.33  
      4.33[] 
 []


Overfull \hbox (27.74892pt too wide) in paragraph at lines 1825--1825
[]\T1/lmtt/m/n/10 ## 4 Ricardo         4.18      4.18      0.316         4.33  
      4.33[] 
 []


Overfull \hbox (27.74892pt too wide) in paragraph at lines 1825--1825
[]\T1/lmtt/m/n/10 ## 5 Samantha        4.28      4.28      0.336         4.33  
      4.33[] 
 []


Overfull \hbox (27.74892pt too wide) in paragraph at lines 1825--1825
[]\T1/lmtt/m/n/10 ## # ... with 10 more variables: recovery_med <dbl>, beck_fun
_sd <dbl>,[] 
 []

[46]
Overfull \hbox (11.99896pt too wide) in paragraph at lines 1926--1926
[]\T1/lmtt/m/n/10 ##   Recruitment_Channel recovery      p recovery_mp recovery
_cond_p[] 
 []


Overfull \hbox (11.99896pt too wide) in paragraph at lines 1926--1926
[]\T1/lmtt/m/n/10 ##   <chr>                  <dbl>  <dbl>       <dbl>         
  <dbl>[] 
 []


Overfull \hbox (11.99896pt too wide) in paragraph at lines 1926--1926
[]\T1/lmtt/m/n/10 ## 1 Email                      0 0.156        0.582         
  0.578[] 
 []


Overfull \hbox (11.99896pt too wide) in paragraph at lines 1926--1926
[]\T1/lmtt/m/n/10 ## 2 Email                      1 0.114        0.418         
  0.422[] 
 []


Overfull \hbox (11.99896pt too wide) in paragraph at lines 1926--1926
[]\T1/lmtt/m/n/10 ## 3 Friend Referral            0 0.134        0.582         
  0.557[] 
 []


Overfull \hbox (11.99896pt too wide) in paragraph at lines 1926--1926
[]\T1/lmtt/m/n/10 ## 4 Friend Referral            1 0.107        0.418         
  0.443[] 
 []


Overfull \hbox (11.99896pt too wide) in paragraph at lines 1926--1926
[]\T1/lmtt/m/n/10 ## 5 Google                     0 0.154        0.582         
  0.639[] 
 []


Overfull \hbox (11.99896pt too wide) in paragraph at lines 1926--1926
[]\T1/lmtt/m/n/10 ## 6 Google                     1 0.0867       0.418         
  0.361[] 
 []


Overfull \hbox (11.99896pt too wide) in paragraph at lines 1926--1926
[]\T1/lmtt/m/n/10 ## 7 Medical Referral           0 0.139        0.582         
  0.557[] 
 []

[47]
Overfull \hbox (11.99896pt too wide) in paragraph at lines 1926--1926
[]\T1/lmtt/m/n/10 ## 8 Medical Referral           1 0.110        0.418         
  0.443[] 
 []

[48] [49

] [50]
Chapter 6.
<Introduction_to_R_files/figure-latex/unnamed-chunk-78-1.pdf, id=1020, 722.7pt 
x 252.945pt>
File: Introduction_to_R_files/figure-latex/unnamed-chunk-78-1.pdf Graphic file 
(type pdf)
<use Introduction_to_R_files/figure-latex/unnamed-chunk-78-1.pdf>
Package pdftex.def Info: Introduction_to_R_files/figure-latex/unnamed-chunk-78-
1.pdf  used on input line 1934.
(pdftex.def)             Requested size: 344.99533pt x 120.74835pt.
[51

 <./Introduction_to_R_files/figure-latex/unnamed-chunk-78-1.pdf>] [52

]
Chapter 7.
[53]
<Introduction_to_R_files/figure-latex/unnamed-chunk-79-1.pdf, id=1047, 433.62pt
 x 144.54pt>
File: Introduction_to_R_files/figure-latex/unnamed-chunk-79-1.pdf Graphic file 
(type pdf)
<use Introduction_to_R_files/figure-latex/unnamed-chunk-79-1.pdf>
Package pdftex.def Info: Introduction_to_R_files/figure-latex/unnamed-chunk-79-
1.pdf  used on input line 2027.
(pdftex.def)             Requested size: 345.01738pt x 115.00577pt.
<Introduction_to_R_files/figure-latex/unnamed-chunk-81-1.pdf, id=1048, 505.89pt
 x 144.54pt>
File: Introduction_to_R_files/figure-latex/unnamed-chunk-81-1.pdf Graphic file 
(type pdf)
<use Introduction_to_R_files/figure-latex/unnamed-chunk-81-1.pdf>
Package pdftex.def Info: Introduction_to_R_files/figure-latex/unnamed-chunk-81-
1.pdf  used on input line 2043.
(pdftex.def)             Requested size: 345.00414pt x 98.5726pt.
[54 <./Introduction_to_R_files/figure-latex/unnamed-chunk-79-1.pdf> <./Introduc
tion_to_R_files/figure-latex/unnamed-chunk-81-1.pdf>]
<Introduction_to_R_files/figure-latex/unnamed-chunk-82-1.pdf, id=1074, 469.755p
t x 216.81pt>
File: Introduction_to_R_files/figure-latex/unnamed-chunk-82-1.pdf Graphic file 
(type pdf)
<use Introduction_to_R_files/figure-latex/unnamed-chunk-82-1.pdf>
Package pdftex.def Info: Introduction_to_R_files/figure-latex/unnamed-chunk-82-
1.pdf  used on input line 2088.
(pdftex.def)             Requested size: 344.997pt x 159.22937pt.
[55 <./Introduction_to_R_files/figure-latex/unnamed-chunk-82-1.pdf>]
<Introduction_to_R_files/figure-latex/unnamed-chunk-84-1.pdf, id=1095, 578.16pt
 x 144.54pt>
File: Introduction_to_R_files/figure-latex/unnamed-chunk-84-1.pdf Graphic file 
(type pdf)
<use Introduction_to_R_files/figure-latex/unnamed-chunk-84-1.pdf>
Package pdftex.def Info: Introduction_to_R_files/figure-latex/unnamed-chunk-84-
1.pdf  used on input line 2104.
(pdftex.def)             Requested size: 344.99312pt x 86.24826pt.
[56 <./Introduction_to_R_files/figure-latex/unnamed-chunk-84-1.pdf>]
Chapter 8.
[57

]
<Introduction_to_R_files/figure-latex/unnamed-chunk-85-1.pdf, id=1118, 722.7pt 
x 252.945pt>
File: Introduction_to_R_files/figure-latex/unnamed-chunk-85-1.pdf Graphic file 
(type pdf)
<use Introduction_to_R_files/figure-latex/unnamed-chunk-85-1.pdf>
Package pdftex.def Info: Introduction_to_R_files/figure-latex/unnamed-chunk-85-
1.pdf  used on input line 2221.
(pdftex.def)             Requested size: 344.99533pt x 120.74835pt.
[58]
<Introduction_to_R_files/figure-latex/unnamed-chunk-87-1.pdf, id=1129, 722.7pt 
x 252.945pt>
File: Introduction_to_R_files/figure-latex/unnamed-chunk-87-1.pdf Graphic file 
(type pdf)
<use Introduction_to_R_files/figure-latex/unnamed-chunk-87-1.pdf>
Package pdftex.def Info: Introduction_to_R_files/figure-latex/unnamed-chunk-87-
1.pdf  used on input line 2237.
(pdftex.def)             Requested size: 344.99533pt x 120.74835pt.
<Introduction_to_R_files/figure-latex/unnamed-chunk-89-1.pdf, id=1130, 722.7pt 
x 252.945pt>
File: Introduction_to_R_files/figure-latex/unnamed-chunk-89-1.pdf Graphic file 
(type pdf)
<use Introduction_to_R_files/figure-latex/unnamed-chunk-89-1.pdf>
Package pdftex.def Info: Introduction_to_R_files/figure-latex/unnamed-chunk-89-
1.pdf  used on input line 2251.
(pdftex.def)             Requested size: 344.99533pt x 120.74835pt.
[59 <./Introduction_to_R_files/figure-latex/unnamed-chunk-85-1.pdf> <./Introduc
tion_to_R_files/figure-latex/unnamed-chunk-87-1.pdf> <./Introduction_to_R_files
/figure-latex/unnamed-chunk-89-1.pdf>]
<Introduction_to_R_files/figure-latex/unnamed-chunk-91-1.pdf, id=1160, 722.7pt 
x 252.945pt>
File: Introduction_to_R_files/figure-latex/unnamed-chunk-91-1.pdf Graphic file 
(type pdf)
<use Introduction_to_R_files/figure-latex/unnamed-chunk-91-1.pdf>
Package pdftex.def Info: Introduction_to_R_files/figure-latex/unnamed-chunk-91-
1.pdf  used on input line 2267.
(pdftex.def)             Requested size: 344.99533pt x 120.74835pt.
<Introduction_to_R_files/figure-latex/unnamed-chunk-92-1.pdf, id=1161, 722.7pt 
x 252.945pt>
File: Introduction_to_R_files/figure-latex/unnamed-chunk-92-1.pdf Graphic file 
(type pdf)
<use Introduction_to_R_files/figure-latex/unnamed-chunk-92-1.pdf>
Package pdftex.def Info: Introduction_to_R_files/figure-latex/unnamed-chunk-92-
1.pdf  used on input line 2278.
(pdftex.def)             Requested size: 344.99533pt x 120.74835pt.
<Introduction_to_R_files/figure-latex/unnamed-chunk-94-1.pdf, id=1162, 722.7pt 
x 144.54pt>
File: Introduction_to_R_files/figure-latex/unnamed-chunk-94-1.pdf Graphic file 
(type pdf)
<use Introduction_to_R_files/figure-latex/unnamed-chunk-94-1.pdf>
Package pdftex.def Info: Introduction_to_R_files/figure-latex/unnamed-chunk-94-
1.pdf  used on input line 2290.
(pdftex.def)             Requested size: 344.99533pt x 68.99905pt.
[60 <./Introduction_to_R_files/figure-latex/unnamed-chunk-91-1.pdf> <./Introduc
tion_to_R_files/figure-latex/unnamed-chunk-92-1.pdf>]
<Introduction_to_R_files/figure-latex/unnamed-chunk-96-1.pdf, id=1186, 722.7pt 
x 289.08pt>
File: Introduction_to_R_files/figure-latex/unnamed-chunk-96-1.pdf Graphic file 
(type pdf)
<use Introduction_to_R_files/figure-latex/unnamed-chunk-96-1.pdf>
Package pdftex.def Info: Introduction_to_R_files/figure-latex/unnamed-chunk-96-
1.pdf  used on input line 2302.
(pdftex.def)             Requested size: 344.99533pt x 137.99812pt.
<Introduction_to_R_files/figure-latex/unnamed-chunk-97-1.pdf, id=1187, 722.7pt 
x 252.945pt>
File: Introduction_to_R_files/figure-latex/unnamed-chunk-97-1.pdf Graphic file 
(type pdf)
<use Introduction_to_R_files/figure-latex/unnamed-chunk-97-1.pdf>
Package pdftex.def Info: Introduction_to_R_files/figure-latex/unnamed-chunk-97-
1.pdf  used on input line 2317.
(pdftex.def)             Requested size: 344.99533pt x 120.74835pt.
<Introduction_to_R_files/figure-latex/fig_cap-1.pdf, id=1189, 722.7pt x 144.54p
t>
File: Introduction_to_R_files/figure-latex/fig_cap-1.pdf Graphic file (type pdf
)
<use Introduction_to_R_files/figure-latex/fig_cap-1.pdf>
Package pdftex.def Info: Introduction_to_R_files/figure-latex/fig_cap-1.pdf  us
ed on input line 2331.
(pdftex.def)             Requested size: 344.99533pt x 68.99905pt.
[61 <./Introduction_to_R_files/figure-latex/unnamed-chunk-94-1.pdf> <./Introduc
tion_to_R_files/figure-latex/unnamed-chunk-96-1.pdf> <./Introduction_to_R_files
/figure-latex/fig_cap-1.pdf>]
<Introduction_to_R_files/figure-latex/unnamed-chunk-99-1.pdf, id=1223, 722.7pt 
x 252.945pt>
File: Introduction_to_R_files/figure-latex/unnamed-chunk-99-1.pdf Graphic file 
(type pdf)
<use Introduction_to_R_files/figure-latex/unnamed-chunk-99-1.pdf>
Package pdftex.def Info: Introduction_to_R_files/figure-latex/unnamed-chunk-99-
1.pdf  used on input line 2350.
(pdftex.def)             Requested size: 344.99533pt x 120.74835pt.
<Introduction_to_R_files/figure-latex/unnamed-chunk-101-1.pdf, id=1224, 722.7pt
 x 144.54pt>
File: Introduction_to_R_files/figure-latex/unnamed-chunk-101-1.pdf Graphic file
 (type pdf)
<use Introduction_to_R_files/figure-latex/unnamed-chunk-101-1.pdf>
Package pdftex.def Info: Introduction_to_R_files/figure-latex/unnamed-chunk-101
-1.pdf  used on input line 2366.
(pdftex.def)             Requested size: 344.99533pt x 68.99905pt.
[62 <./Introduction_to_R_files/figure-latex/unnamed-chunk-97-1.pdf> <./Introduc
tion_to_R_files/figure-latex/unnamed-chunk-99-1.pdf>] [63 <./Introduction_to_R_
files/figure-latex/unnamed-chunk-101-1.pdf>] [64

]
Chapter 9.
<Introduction_to_R_files/figure-latex/unnamed-chunk-102-1.pdf, id=1265, 722.7pt
 x 252.945pt>
File: Introduction_to_R_files/figure-latex/unnamed-chunk-102-1.pdf Graphic file
 (type pdf)
<use Introduction_to_R_files/figure-latex/unnamed-chunk-102-1.pdf>
Package pdftex.def Info: Introduction_to_R_files/figure-latex/unnamed-chunk-102
-1.pdf  used on input line 2408.
(pdftex.def)             Requested size: 344.99533pt x 120.74835pt.
[65]
<Introduction_to_R_files/figure-latex/unnamed-chunk-104-1.pdf, id=1273, 722.7pt
 x 144.54pt>
File: Introduction_to_R_files/figure-latex/unnamed-chunk-104-1.pdf Graphic file
 (type pdf)
<use Introduction_to_R_files/figure-latex/unnamed-chunk-104-1.pdf>
Package pdftex.def Info: Introduction_to_R_files/figure-latex/unnamed-chunk-104
-1.pdf  used on input line 2422.
(pdftex.def)             Requested size: 344.99533pt x 68.99905pt.
<Introduction_to_R_files/figure-latex/unnamed-chunk-105-1.pdf, id=1274, 722.7pt
 x 252.945pt>
File: Introduction_to_R_files/figure-latex/unnamed-chunk-105-1.pdf Graphic file
 (type pdf)
<use Introduction_to_R_files/figure-latex/unnamed-chunk-105-1.pdf>
Package pdftex.def Info: Introduction_to_R_files/figure-latex/unnamed-chunk-105
-1.pdf  used on input line 2441.
(pdftex.def)             Requested size: 344.99533pt x 120.74835pt.
<Introduction_to_R_files/figure-latex/unnamed-chunk-107-1.pdf, id=1275, 722.7pt
 x 144.54pt>
File: Introduction_to_R_files/figure-latex/unnamed-chunk-107-1.pdf Graphic file
 (type pdf)
<use Introduction_to_R_files/figure-latex/unnamed-chunk-107-1.pdf>
Package pdftex.def Info: Introduction_to_R_files/figure-latex/unnamed-chunk-107
-1.pdf  used on input line 2457.
(pdftex.def)             Requested size: 344.99533pt x 68.99905pt.
[66 <./Introduction_to_R_files/figure-latex/unnamed-chunk-102-1.pdf> <./Introdu
ction_to_R_files/figure-latex/unnamed-chunk-104-1.pdf>] [67 <./Introduction_to_
R_files/figure-latex/unnamed-chunk-105-1.pdf> <./Introduction_to_R_files/figure
-latex/unnamed-chunk-107-1.pdf>] [68

]
Chapter 10.
[69] [70] [71

] [72]
Chapter 11.
[73

]
<Introduction_to_R_files/figure-latex/unnamed-chunk-110-1.pdf, id=1366, 578.16p
t x 216.81pt>
File: Introduction_to_R_files/figure-latex/unnamed-chunk-110-1.pdf Graphic file
 (type pdf)
<use Introduction_to_R_files/figure-latex/unnamed-chunk-110-1.pdf>
Package pdftex.def Info: Introduction_to_R_files/figure-latex/unnamed-chunk-110
-1.pdf  used on input line 2642.
(pdftex.def)             Requested size: 344.99312pt x 129.3724pt.
<Introduction_to_R_files/figure-latex/unnamed-chunk-112-1.pdf, id=1367, 1011.78
pt x 144.54pt>
File: Introduction_to_R_files/figure-latex/unnamed-chunk-112-1.pdf Graphic file
 (type pdf)
<use Introduction_to_R_files/figure-latex/unnamed-chunk-112-1.pdf>
Package pdftex.def Info: Introduction_to_R_files/figure-latex/unnamed-chunk-112
-1.pdf  used on input line 2660.
(pdftex.def)             Requested size: 345.00415pt x 49.2863pt.

Overfull \hbox (11.77534pt too wide) has occurred while \output is active
\T1/lmr/m/n/10 74 \T1/lmr/m/sl/10 CHAPTER 11.  OTHER FUNCTIONS FOR EXTRACTING O
BSERVATIONS
 []

[74]
<Introduction_to_R_files/figure-latex/unnamed-chunk-114-1.pdf, id=1379, 1011.78
pt x 144.54pt>
File: Introduction_to_R_files/figure-latex/unnamed-chunk-114-1.pdf Graphic file
 (type pdf)
<use Introduction_to_R_files/figure-latex/unnamed-chunk-114-1.pdf>
Package pdftex.def Info: Introduction_to_R_files/figure-latex/unnamed-chunk-114
-1.pdf  used on input line 2678.
(pdftex.def)             Requested size: 345.00415pt x 49.2863pt.
<Introduction_to_R_files/figure-latex/unnamed-chunk-116-1.pdf, id=1380, 1011.78
pt x 144.54pt>
File: Introduction_to_R_files/figure-latex/unnamed-chunk-116-1.pdf Graphic file
 (type pdf)
<use Introduction_to_R_files/figure-latex/unnamed-chunk-116-1.pdf>
Package pdftex.def Info: Introduction_to_R_files/figure-latex/unnamed-chunk-116
-1.pdf  used on input line 2697.
(pdftex.def)             Requested size: 345.00415pt x 49.2863pt.

Underfull \vbox (badness 2564) has occurred while \output is active []

[75 <./Introduction_to_R_files/figure-latex/unnamed-chunk-110-1.pdf> <./Introdu
ction_to_R_files/figure-latex/unnamed-chunk-112-1.pdf> <./Introduction_to_R_fil
es/figure-latex/unnamed-chunk-114-1.pdf>]
<Introduction_to_R_files/figure-latex/unnamed-chunk-117-1.pdf, id=1412, 216.81p
t x 252.945pt>
File: Introduction_to_R_files/figure-latex/unnamed-chunk-117-1.pdf Graphic file
 (type pdf)
<use Introduction_to_R_files/figure-latex/unnamed-chunk-117-1.pdf>
Package pdftex.def Info: Introduction_to_R_files/figure-latex/unnamed-chunk-117
-1.pdf  used on input line 2744.
(pdftex.def)             Requested size: 216.81276pt x 252.94823pt.

Overfull \hbox (11.77534pt too wide) has occurred while \output is active
\T1/lmr/m/n/10 76 \T1/lmr/m/sl/10 CHAPTER 11.  OTHER FUNCTIONS FOR EXTRACTING O
BSERVATIONS
 []

[76 <./Introduction_to_R_files/figure-latex/unnamed-chunk-116-1.pdf>] [77 <./In
troduction_to_R_files/figure-latex/unnamed-chunk-117-1.pdf>]
<Introduction_to_R_files/figure-latex/unnamed-chunk-119-1.pdf, id=1443, 216.81p
t x 108.405pt>
File: Introduction_to_R_files/figure-latex/unnamed-chunk-119-1.pdf Graphic file
 (type pdf)
<use Introduction_to_R_files/figure-latex/unnamed-chunk-119-1.pdf>
Package pdftex.def Info: Introduction_to_R_files/figure-latex/unnamed-chunk-119
-1.pdf  used on input line 2780.
(pdftex.def)             Requested size: 216.81938pt x 108.40968pt.
<Introduction_to_R_files/figure-latex/unnamed-chunk-121-1.pdf, id=1444, 216.81p
t x 252.945pt>
File: Introduction_to_R_files/figure-latex/unnamed-chunk-121-1.pdf Graphic file
 (type pdf)
<use Introduction_to_R_files/figure-latex/unnamed-chunk-121-1.pdf>
Package pdftex.def Info: Introduction_to_R_files/figure-latex/unnamed-chunk-121
-1.pdf  used on input line 2797.
(pdftex.def)             Requested size: 216.81276pt x 252.94823pt.
<Introduction_to_R_files/figure-latex/unnamed-chunk-123-1.pdf, id=1445, 216.81p
t x 252.945pt>
File: Introduction_to_R_files/figure-latex/unnamed-chunk-123-1.pdf Graphic file
 (type pdf)
<use Introduction_to_R_files/figure-latex/unnamed-chunk-123-1.pdf>
Package pdftex.def Info: Introduction_to_R_files/figure-latex/unnamed-chunk-123
-1.pdf  used on input line 2814.
(pdftex.def)             Requested size: 216.81276pt x 252.94823pt.

Overfull \hbox (11.77534pt too wide) has occurred while \output is active
\T1/lmr/m/n/10 78 \T1/lmr/m/sl/10 CHAPTER 11.  OTHER FUNCTIONS FOR EXTRACTING O
BSERVATIONS
 []

[78 <./Introduction_to_R_files/figure-latex/unnamed-chunk-119-1.pdf>] [79 <./In
troduction_to_R_files/figure-latex/unnamed-chunk-121-1.pdf>]
Overfull \hbox (11.77534pt too wide) has occurred while \output is active
\T1/lmr/m/n/10 80 \T1/lmr/m/sl/10 CHAPTER 11.  OTHER FUNCTIONS FOR EXTRACTING O
BSERVATIONS
 []

[80 <./Introduction_to_R_files/figure-latex/unnamed-chunk-123-1.pdf>]
Chapter 12.
[81

]
<Introduction_to_R_files/figure-latex/unnamed-chunk-124-1.pdf, id=1497, 722.7pt
 x 144.54pt>
File: Introduction_to_R_files/figure-latex/unnamed-chunk-124-1.pdf Graphic file
 (type pdf)
<use Introduction_to_R_files/figure-latex/unnamed-chunk-124-1.pdf>
Package pdftex.def Info: Introduction_to_R_files/figure-latex/unnamed-chunk-124
-1.pdf  used on input line 2886.
(pdftex.def)             Requested size: 344.99533pt x 68.99905pt.
<Introduction_to_R_files/figure-latex/unnamed-chunk-126-1.pdf, id=1498, 578.16p
t x 144.54pt>
File: Introduction_to_R_files/figure-latex/unnamed-chunk-126-1.pdf Graphic file
 (type pdf)
<use Introduction_to_R_files/figure-latex/unnamed-chunk-126-1.pdf>
Package pdftex.def Info: Introduction_to_R_files/figure-latex/unnamed-chunk-126
-1.pdf  used on input line 2903.
(pdftex.def)             Requested size: 344.99312pt x 86.24826pt.
[82 <./Introduction_to_R_files/figure-latex/unnamed-chunk-124-1.pdf> <./Introdu
ction_to_R_files/figure-latex/unnamed-chunk-126-1.pdf>]
<Introduction_to_R_files/figure-latex/unnamed-chunk-127-1.pdf, id=1522, 722.7pt
 x 144.54pt>
File: Introduction_to_R_files/figure-latex/unnamed-chunk-127-1.pdf Graphic file
 (type pdf)
<use Introduction_to_R_files/figure-latex/unnamed-chunk-127-1.pdf>
Package pdftex.def Info: Introduction_to_R_files/figure-latex/unnamed-chunk-127
-1.pdf  used on input line 2930.
(pdftex.def)             Requested size: 344.99533pt x 68.99905pt.
<Introduction_to_R_files/figure-latex/unnamed-chunk-129-1.pdf, id=1523, 722.7pt
 x 144.54pt>
File: Introduction_to_R_files/figure-latex/unnamed-chunk-129-1.pdf Graphic file
 (type pdf)
<use Introduction_to_R_files/figure-latex/unnamed-chunk-129-1.pdf>
Package pdftex.def Info: Introduction_to_R_files/figure-latex/unnamed-chunk-129
-1.pdf  used on input line 2947.
(pdftex.def)             Requested size: 344.99533pt x 68.99905pt.

Underfull \hbox (badness 10000) in paragraph at lines 2947--2951
[][]
 []

<Introduction_to_R_files/figure-latex/unnamed-chunk-131-1.pdf, id=1524, 867.24p
t x 72.27pt>
File: Introduction_to_R_files/figure-latex/unnamed-chunk-131-1.pdf Graphic file
 (type pdf)
<use Introduction_to_R_files/figure-latex/unnamed-chunk-131-1.pdf>
Package pdftex.def Info: Introduction_to_R_files/figure-latex/unnamed-chunk-131
-1.pdf  used on input line 2966.
(pdftex.def)             Requested size: 344.99754pt x 28.74979pt.
[83 <./Introduction_to_R_files/figure-latex/unnamed-chunk-127-1.pdf> <./Introdu
ction_to_R_files/figure-latex/unnamed-chunk-129-1.pdf>]
<Introduction_to_R_files/figure-latex/unnamed-chunk-133-1.pdf, id=1550, 867.24p
t x 72.27pt>
File: Introduction_to_R_files/figure-latex/unnamed-chunk-133-1.pdf Graphic file
 (type pdf)
<use Introduction_to_R_files/figure-latex/unnamed-chunk-133-1.pdf>
Package pdftex.def Info: Introduction_to_R_files/figure-latex/unnamed-chunk-133
-1.pdf  used on input line 2997.
(pdftex.def)             Requested size: 344.99754pt x 28.74979pt.
<Introduction_to_R_files/figure-latex/unnamed-chunk-135-1.pdf, id=1551, 867.24p
t x 72.27pt>
File: Introduction_to_R_files/figure-latex/unnamed-chunk-135-1.pdf Graphic file
 (type pdf)
<use Introduction_to_R_files/figure-latex/unnamed-chunk-135-1.pdf>
Package pdftex.def Info: Introduction_to_R_files/figure-latex/unnamed-chunk-135
-1.pdf  used on input line 3026.
(pdftex.def)             Requested size: 344.99754pt x 28.74979pt.
[84 <./Introduction_to_R_files/figure-latex/unnamed-chunk-131-1.pdf> <./Introdu
ction_to_R_files/figure-latex/unnamed-chunk-133-1.pdf>] [85 <./Introduction_to_
R_files/figure-latex/unnamed-chunk-135-1.pdf>] [86

] [87] [88]
Chapter 13.
[89

]
<Introduction_to_R_files/figure-latex/unnamed-chunk-136-1.pdf, id=1611, 325.215
pt x 144.54pt>
File: Introduction_to_R_files/figure-latex/unnamed-chunk-136-1.pdf Graphic file
 (type pdf)
<use Introduction_to_R_files/figure-latex/unnamed-chunk-136-1.pdf>
Package pdftex.def Info: Introduction_to_R_files/figure-latex/unnamed-chunk-136
-1.pdf  used on input line 3082.
(pdftex.def)             Requested size: 325.22908pt x 144.54623pt.
<Introduction_to_R_files/figure-latex/unnamed-chunk-137-1.pdf, id=1612, 469.755
pt x 325.215pt>
File: Introduction_to_R_files/figure-latex/unnamed-chunk-137-1.pdf Graphic file
 (type pdf)
<use Introduction_to_R_files/figure-latex/unnamed-chunk-137-1.pdf>
Package pdftex.def Info: Introduction_to_R_files/figure-latex/unnamed-chunk-137
-1.pdf  used on input line 3088.
(pdftex.def)             Requested size: 344.997pt x 238.84406pt.
[90 <./Introduction_to_R_files/figure-latex/unnamed-chunk-136-1.pdf>]
<Introduction_to_R_files/figure-latex/unnamed-chunk-138-1.pdf, id=1630, 469.755
pt x 325.215pt>
File: Introduction_to_R_files/figure-latex/unnamed-chunk-138-1.pdf Graphic file
 (type pdf)
<use Introduction_to_R_files/figure-latex/unnamed-chunk-138-1.pdf>
Package pdftex.def Info: Introduction_to_R_files/figure-latex/unnamed-chunk-138
-1.pdf  used on input line 3133.
(pdftex.def)             Requested size: 344.997pt x 238.84406pt.
<Introduction_to_R_files/figure-latex/unnamed-chunk-140-1.pdf, id=1631, 469.755
pt x 325.215pt>
File: Introduction_to_R_files/figure-latex/unnamed-chunk-140-1.pdf Graphic file
 (type pdf)
<use Introduction_to_R_files/figure-latex/unnamed-chunk-140-1.pdf>
Package pdftex.def Info: Introduction_to_R_files/figure-latex/unnamed-chunk-140
-1.pdf  used on input line 3147.
(pdftex.def)             Requested size: 344.997pt x 238.84406pt.

Underfull \vbox (badness 10000) has occurred while \output is active []

[91 <./Introduction_to_R_files/figure-latex/unnamed-chunk-137-1.pdf>] [92 <./In
troduction_to_R_files/figure-latex/unnamed-chunk-138-1.pdf> <./Introduction_to_
R_files/figure-latex/unnamed-chunk-140-1.pdf>]
<Introduction_to_R_files/figure-latex/unnamed-chunk-142-1.pdf, id=1668, 469.755
pt x 325.215pt>
File: Introduction_to_R_files/figure-latex/unnamed-chunk-142-1.pdf Graphic file
 (type pdf)
<use Introduction_to_R_files/figure-latex/unnamed-chunk-142-1.pdf>
Package pdftex.def Info: Introduction_to_R_files/figure-latex/unnamed-chunk-142
-1.pdf  used on input line 3191.
(pdftex.def)             Requested size: 344.997pt x 238.84406pt.
<Introduction_to_R_files/figure-latex/unnamed-chunk-144-1.pdf, id=1669, 469.755
pt x 325.215pt>
File: Introduction_to_R_files/figure-latex/unnamed-chunk-144-1.pdf Graphic file
 (type pdf)
<use Introduction_to_R_files/figure-latex/unnamed-chunk-144-1.pdf>
Package pdftex.def Info: Introduction_to_R_files/figure-latex/unnamed-chunk-144
-1.pdf  used on input line 3207.
(pdftex.def)             Requested size: 344.997pt x 238.84406pt.

Overfull \hbox (5.3331pt too wide) in paragraph at lines 3227--3228
[]\T1/lmr/m/n/10 To down-load the de-vel-op-ment ver-sion restart your R ses-si
on (ctr+shift+f10)
 []

[93] [94 <./Introduction_to_R_files/figure-latex/unnamed-chunk-142-1.pdf> <./In
troduction_to_R_files/figure-latex/unnamed-chunk-144-1.pdf>]
<Introduction_to_R_files/figure-latex/unnamed-chunk-146-1.pdf, id=1703, 469.755
pt x 325.215pt>
File: Introduction_to_R_files/figure-latex/unnamed-chunk-146-1.pdf Graphic file
 (type pdf)
<use Introduction_to_R_files/figure-latex/unnamed-chunk-146-1.pdf>
Package pdftex.def Info: Introduction_to_R_files/figure-latex/unnamed-chunk-146
-1.pdf  used on input line 3285.
(pdftex.def)             Requested size: 344.997pt x 238.84406pt.
<Introduction_to_R_files/figure-latex/unnamed-chunk-148-1.pdf, id=1704, 469.755
pt x 325.215pt>
File: Introduction_to_R_files/figure-latex/unnamed-chunk-148-1.pdf Graphic file
 (type pdf)
<use Introduction_to_R_files/figure-latex/unnamed-chunk-148-1.pdf>
Package pdftex.def Info: Introduction_to_R_files/figure-latex/unnamed-chunk-148
-1.pdf  used on input line 3301.
(pdftex.def)             Requested size: 344.997pt x 238.84406pt.
[95] [96 <./Introduction_to_R_files/figure-latex/unnamed-chunk-146-1.pdf> <./In
troduction_to_R_files/figure-latex/unnamed-chunk-148-1.pdf>]
<Introduction_to_R_files/figure-latex/unnamed-chunk-149-1.pdf, id=1740, 469.755
pt x 325.215pt>
File: Introduction_to_R_files/figure-latex/unnamed-chunk-149-1.pdf Graphic file
 (type pdf)
<use Introduction_to_R_files/figure-latex/unnamed-chunk-149-1.pdf>
Package pdftex.def Info: Introduction_to_R_files/figure-latex/unnamed-chunk-149
-1.pdf  used on input line 3333.
(pdftex.def)             Requested size: 344.997pt x 238.84406pt.
pdfTeX warning (ext4): destination with the same identifier (name{exm:spread1})
 has been already used, duplicate ignored
<to be read again> 
                   \relax 
l.3338 \protect\hypertarget{exm:spread1}{}
                                          {\label{exm:spread1} }
<Introduction_to_R_files/figure-latex/unnamed-chunk-151-1.pdf, id=1741, 469.755
pt x 325.215pt>
File: Introduction_to_R_files/figure-latex/unnamed-chunk-151-1.pdf Graphic file
 (type pdf)
<use Introduction_to_R_files/figure-latex/unnamed-chunk-151-1.pdf>
Package pdftex.def Info: Introduction_to_R_files/figure-latex/unnamed-chunk-151
-1.pdf  used on input line 3349.
(pdftex.def)             Requested size: 344.997pt x 238.84406pt.
[97 <./Introduction_to_R_files/figure-latex/unnamed-chunk-149-1.pdf>] [98 <./In
troduction_to_R_files/figure-latex/unnamed-chunk-151-1.pdf>] [99

] [100]
Chapter 14.
[101

]
Underfull \hbox (badness 10000) in paragraph at lines 3403--3405
[]\T1/lmr/m/n/10 Measures of As-so-ci-a-tion - \T1/lmtt/m/n/10 psycho::correlat
ion(df, type = "full",
 []


Underfull \hbox (badness 10000) in paragraph at lines 3409--3411
\T1/lmtt/m/n/10 = NA, table.number = NA, showconf.interval = TRUE, landscape =
 []

[102]
Overfull \hbox (53.99884pt too wide) in paragraph at lines 3453--3453
[]\T1/lmtt/m/n/10 ## $ rating     <dbl> 43, 63, 71, 61, 81, 43, 58, 71, 72, 67,
 64, 67, 69,...[] 
 []


Overfull \hbox (53.99884pt too wide) in paragraph at lines 3453--3453
[]\T1/lmtt/m/n/10 ## $ complaints <dbl> 51, 64, 70, 63, 78, 55, 67, 75, 82, 61,
 53, 60, 62,...[] 
 []


Overfull \hbox (53.99884pt too wide) in paragraph at lines 3453--3453
[]\T1/lmtt/m/n/10 ## $ privileges <dbl> 30, 51, 68, 45, 56, 49, 42, 50, 72, 45,
 53, 47, 57,...[] 
 []


Overfull \hbox (53.99884pt too wide) in paragraph at lines 3453--3453
[]\T1/lmtt/m/n/10 ## $ learning   <dbl> 39, 54, 69, 47, 66, 44, 56, 55, 67, 47,
 58, 39, 42,...[] 
 []


Overfull \hbox (53.99884pt too wide) in paragraph at lines 3453--3453
[]\T1/lmtt/m/n/10 ## $ raises     <dbl> 61, 63, 76, 54, 71, 54, 66, 70, 71, 62,
 58, 59, 55,...[] 
 []


Overfull \hbox (53.99884pt too wide) in paragraph at lines 3453--3453
[]\T1/lmtt/m/n/10 ## $ critical   <dbl> 92, 73, 86, 84, 83, 49, 68, 66, 83, 80,
 67, 74, 63,...[] 
 []


Overfull \hbox (53.99884pt too wide) in paragraph at lines 3453--3453
[]\T1/lmtt/m/n/10 ## $ advance    <dbl> 45, 47, 48, 35, 47, 34, 35, 41, 31, 41,
 34, 41, 25,...[] 
 []

[103]
Overfull \hbox (69.7488pt too wide) in paragraph at lines 3506--3506
[]\T1/lmtt/m/n/10 ## -- Variable type:numeric ---------------------------------
------------------[] 
 []


Overfull \hbox (27.74892pt too wide) in paragraph at lines 3506--3506
[]\T1/lmtt/m/n/10 ##    variable missing complete  n  mean    sd p0   p25  p50 
  p75 p100[] 
 []


Overfull \hbox (27.74892pt too wide) in paragraph at lines 3506--3506
[]\T1/lmtt/m/n/10 ##     advance       0       30 30 42.93 10.29 25 35    41   
47.75   72[] 
 []


Overfull \hbox (27.74892pt too wide) in paragraph at lines 3506--3506
[]\T1/lmtt/m/n/10 ##  complaints       0       30 30 66.6  13.31 37 58.5  65   
77      90[] 
 []


Overfull \hbox (27.74892pt too wide) in paragraph at lines 3506--3506
[]\T1/lmtt/m/n/10 ##    critical       0       30 30 74.77  9.89 49 69.25 77.5 
80      92[] 
 []


Overfull \hbox (27.74892pt too wide) in paragraph at lines 3506--3506
[]\T1/lmtt/m/n/10 ##    learning       0       30 30 56.37 11.74 34 47    56.5 
66.75   75[] 
 []


Overfull \hbox (27.74892pt too wide) in paragraph at lines 3506--3506
[]\T1/lmtt/m/n/10 ##  privileges       0       30 30 53.13 12.24 30 45    51.5 
62.5    83[] 
 []


Overfull \hbox (27.74892pt too wide) in paragraph at lines 3506--3506
[]\T1/lmtt/m/n/10 ##      raises       0       30 30 64.63 10.4  43 58.25 63.5 
71      88[] 
 []


Overfull \hbox (27.74892pt too wide) in paragraph at lines 3506--3506
[]\T1/lmtt/m/n/10 ##      rating       0       30 30 64.63 12.17 40 58.75 65.5 
71.75   85[] 
 []


Overfull \hbox (11.99896pt too wide) in paragraph at lines 3506--3506
[]\T1/lmtt/m/n/10 ##  <U+2581><U+2587><U+2586><U+2585><U+2582><U+2582><U+2581><
U+2581>[] 
 []


Overfull \hbox (11.99896pt too wide) in paragraph at lines 3506--3506
[]\T1/lmtt/m/n/10 ##  <U+2582><U+2581><U+2583><U+2587><U+2585><U+2582><U+2586><
U+2583>[] 
 []


Overfull \hbox (11.99896pt too wide) in paragraph at lines 3506--3506
[]\T1/lmtt/m/n/10 ##  <U+2582><U+2581><U+2582><U+2582><U+2583><U+2587><U+2585><
U+2581>[] 
 []


Overfull \hbox (11.99896pt too wide) in paragraph at lines 3506--3506
[]\T1/lmtt/m/n/10 ##  <U+2583><U+2582><U+2587><U+2583><U+2587><U+2582><U+2585><
U+2587>[] 
 []


Overfull \hbox (11.99896pt too wide) in paragraph at lines 3506--3506
[]\T1/lmtt/m/n/10 ##  <U+2582><U+2583><U+2586><U+2587><U+2582><U+2585><U+2582><
U+2581>[] 
 []


Overfull \hbox (11.99896pt too wide) in paragraph at lines 3506--3506
[]\T1/lmtt/m/n/10 ##  <U+2581><U+2585><U+2586><U+2587><U+2587><U+2582><U+2585><
U+2581>[] 
 []


Overfull \hbox (11.99896pt too wide) in paragraph at lines 3506--3506
[]\T1/lmtt/m/n/10 ##  <U+2582><U+2582><U+2581><U+2582><U+2587><U+2583><U+2582><
U+2583>[] 
 []


Overfull \hbox (22.49893pt too wide) in paragraph at lines 3531--3531
[]\T1/lmtt/m/n/10 ##   advance_var complaints_var privileges_var learning_var r
aises_var[] 
 []


Overfull \hbox (22.49893pt too wide) in paragraph at lines 3531--3531
[]\T1/lmtt/m/n/10 ## 1    105.8575       177.2828       149.7057     137.7575  
 108.1023[] 
 []

[104]
Overfull \hbox (17.24895pt too wide) in paragraph at lines 3547--3547
[]\T1/lmtt/m/n/10 ##   rating_var complaints_var privileges_var learning_var ra
ises_var[] 
 []


Overfull \hbox (17.24895pt too wide) in paragraph at lines 3547--3547
[]\T1/lmtt/m/n/10 ## 1   148.1713       177.2828       149.7057     137.7575   
108.1023[] 
 []


Overfull \hbox (43.49887pt too wide) in paragraph at lines 3578--3578
[]\T1/lmtt/m/n/10 ##               rating complaints privileges  learning    ra
ises critical[] 
 []


Overfull \hbox (43.49887pt too wide) in paragraph at lines 3578--3578
[]\T1/lmtt/m/n/10 ## rating     148.17126  133.77931   63.46437  89.10460  74.6
8851 18.84253[] 
 []


Overfull \hbox (43.49887pt too wide) in paragraph at lines 3578--3578
[]\T1/lmtt/m/n/10 ## complaints 133.77931  177.28276   90.95172  93.25517  92.6
4138 24.73103[] 
 []


Overfull \hbox (43.49887pt too wide) in paragraph at lines 3578--3578
[]\T1/lmtt/m/n/10 ## privileges  63.46437   90.95172  149.70575  70.84598  56.6
7126 17.82529[] 
 []


Overfull \hbox (43.49887pt too wide) in paragraph at lines 3578--3578
[]\T1/lmtt/m/n/10 ## learning    89.10460   93.25517   70.84598 137.75747  78.1
3908 13.46782[] 
 []


Overfull \hbox (43.49887pt too wide) in paragraph at lines 3578--3578
[]\T1/lmtt/m/n/10 ## raises      74.68851   92.64138   56.67126  78.13908 108.1
0230 38.77356[] 
 []


Overfull \hbox (43.49887pt too wide) in paragraph at lines 3578--3578
[]\T1/lmtt/m/n/10 ## critical    18.84253   24.73103   17.82529  13.46782  38.7
7356 97.90920[] 
 []


Overfull \hbox (43.49887pt too wide) in paragraph at lines 3578--3578
[]\T1/lmtt/m/n/10 ## advance     19.42299   30.76552   43.21609  64.19770  61.4
2299 28.84598[] 
 []

[105]
Overfull \hbox (48.74886pt too wide) in paragraph at lines 3604--3604
[]\T1/lmtt/m/n/10 ##               rating complaints privileges  learning    ra
ises  critical[] 
 []


Overfull \hbox (48.74886pt too wide) in paragraph at lines 3604--3604
[]\T1/lmtt/m/n/10 ## rating     1.0000000  0.8254176  0.4261169 0.6236782 0.590
1390 0.1564392[] 
 []


Overfull \hbox (48.74886pt too wide) in paragraph at lines 3604--3604
[]\T1/lmtt/m/n/10 ## complaints 0.8254176  1.0000000  0.5582882 0.5967358 0.669
1975 0.1877143[] 
 []


Overfull \hbox (48.74886pt too wide) in paragraph at lines 3604--3604
[]\T1/lmtt/m/n/10 ## privileges 0.4261169  0.5582882  1.0000000 0.4933310 0.445
4779 0.1472331[] 
 []


Overfull \hbox (48.74886pt too wide) in paragraph at lines 3604--3604
[]\T1/lmtt/m/n/10 ## learning   0.6236782  0.5967358  0.4933310 1.0000000 0.640
3144 0.1159652[] 
 []


Overfull \hbox (48.74886pt too wide) in paragraph at lines 3604--3604
[]\T1/lmtt/m/n/10 ## raises     0.5901390  0.6691975  0.4454779 0.6403144 1.000
0000 0.3768830[] 
 []


Overfull \hbox (48.74886pt too wide) in paragraph at lines 3604--3604
[]\T1/lmtt/m/n/10 ## critical   0.1564392  0.1877143  0.1472331 0.1159652 0.376
8830 1.0000000[] 
 []


Overfull \hbox (48.74886pt too wide) in paragraph at lines 3604--3604
[]\T1/lmtt/m/n/10 ## advance    0.1550863  0.2245796  0.3432934 0.5316198 0.574
1862 0.2833432[] 
 []


Overfull \hbox (620.9972pt too wide) in paragraph at lines 3644--3644
[]\T1/lmtt/m/n/10 ##  [2] "   - rating / complaints:   Results of the Pearson c
orrelation showed a significant large, and positive association between rating 
and complaints (r(28) = 0.83, p < .001***)."[] 
 []


Overfull \hbox (631.49716pt too wide) in paragraph at lines 3644--3644
[]\T1/lmtt/m/n/10 ##  [3] "   - rating / privileges:   Results of the Pearson c
orrelation showed a non significant moderate, and positive association between 
rating and privileges (r(28) = 0.43, p > .1)."[] 
 []


Overfull \hbox (647.24712pt too wide) in paragraph at lines 3644--3644
[]\T1/lmtt/m/n/10 ##  [4] "   - complaints / privileges:   Results of the Pears
on correlation showed a significant large, and positive association between com
plaints and privileges (r(28) = 0.56, p < .05*)."[] 
 []


Overfull \hbox (589.49728pt too wide) in paragraph at lines 3644--3644
[]\T1/lmtt/m/n/10 ##  [5] "   - rating / learning:   Results of the Pearson cor
relation showed a significant large, and positive association between rating an
d learning (r(28) = 0.62, p < .01**)."[] 
 []


Overfull \hbox (631.49716pt too wide) in paragraph at lines 3644--3644
[]\T1/lmtt/m/n/10 ##  [6] "   - complaints / learning:   Results of the Pearson
 correlation showed a significant large, and positive association between compl
aints and learning (r(28) = 0.60, p < .01**)."[] 
 []


Overfull \hbox (668.24706pt too wide) in paragraph at lines 3644--3644
[]\T1/lmtt/m/n/10 ##  [7] "   - privileges / learning:   Results of the Pearson
 correlation showed a non significant moderate, and positive association betwee
n privileges and learning (r(28) = 0.49, p = 0.07\TS1/lmtt/m/n/10 \T1/lmtt/m/n
/10 )."[] 
 []


Overfull \hbox (568.49734pt too wide) in paragraph at lines 3644--3644
[]\T1/lmtt/m/n/10 ##  [8] "   - rating / raises:   Results of the Pearson corre
lation showed a significant large, and positive association between rating and 
raises (r(28) = 0.59, p < .01**)."[] 
 []


Overfull \hbox (610.49722pt too wide) in paragraph at lines 3644--3644
[]\T1/lmtt/m/n/10 ##  [9] "   - complaints / raises:   Results of the Pearson c
orrelation showed a significant large, and positive association between complai
nts and raises (r(28) = 0.67, p < .01**)."[] 
 []


Overfull \hbox (631.49716pt too wide) in paragraph at lines 3644--3644
[]\T1/lmtt/m/n/10 ## [10] "   - privileges / raises:   Results of the Pearson c
orrelation showed a non significant moderate, and positive association between 
privileges and raises (r(28) = 0.45, p > .1)."[] 
 []


Overfull \hbox (589.49728pt too wide) in paragraph at lines 3644--3644
[]\T1/lmtt/m/n/10 ## [11] "   - learning / raises:   Results of the Pearson cor
relation showed a significant large, and positive association between learning 
and raises (r(28) = 0.64, p < .01**)."[] 
 []


Overfull \hbox (594.74727pt too wide) in paragraph at lines 3644--3644
[]\T1/lmtt/m/n/10 ## [12] "   - rating / critical:   Results of the Pearson cor
relation showed a non significant small, and positive association between ratin
g and critical (r(28) = 0.16, p > .1)."[] 
 []


Overfull \hbox (636.74715pt too wide) in paragraph at lines 3644--3644
[]\T1/lmtt/m/n/10 ## [13] "   - complaints / critical:   Results of the Pearson
 correlation showed a non significant small, and positive association between c
omplaints and critical (r(28) = 0.19, p > .1)."[] 
 []

[106]
Overfull \hbox (636.74715pt too wide) in paragraph at lines 3644--3644
[]\T1/lmtt/m/n/10 ## [14] "   - privileges / critical:   Results of the Pearson
 correlation showed a non significant small, and positive association between p
rivileges and critical (r(28) = 0.15, p > .1)."[] 
 []


Overfull \hbox (615.74721pt too wide) in paragraph at lines 3644--3644
[]\T1/lmtt/m/n/10 ## [15] "   - learning / critical:   Results of the Pearson c
orrelation showed a non significant small, and positive association between lea
rning and critical (r(28) = 0.12, p > .1)."[] 
 []


Overfull \hbox (610.49722pt too wide) in paragraph at lines 3644--3644
[]\T1/lmtt/m/n/10 ## [16] "   - raises / critical:   Results of the Pearson cor
relation showed a non significant moderate, and positive association between ra
ises and critical (r(28) = 0.38, p > .1)."[] 
 []


Overfull \hbox (584.2473pt too wide) in paragraph at lines 3644--3644
[]\T1/lmtt/m/n/10 ## [17] "   - rating / advance:   Results of the Pearson corr
elation showed a non significant small, and positive association between rating
 and advance (r(28) = 0.16, p > .1)."[] 
 []


Overfull \hbox (626.24718pt too wide) in paragraph at lines 3644--3644
[]\T1/lmtt/m/n/10 ## [18] "   - complaints / advance:   Results of the Pearson 
correlation showed a non significant small, and positive association between co
mplaints and advance (r(28) = 0.22, p > .1)."[] 
 []


Overfull \hbox (641.99713pt too wide) in paragraph at lines 3644--3644
[]\T1/lmtt/m/n/10 ## [19] "   - privileges / advance:   Results of the Pearson 
correlation showed a non significant moderate, and positive association between
 privileges and advance (r(28) = 0.34, p > .1)."[] 
 []


Overfull \hbox (594.74727pt too wide) in paragraph at lines 3644--3644
[]\T1/lmtt/m/n/10 ## [20] "   - learning / advance:   Results of the Pearson co
rrelation showed a significant large, and positive association between learning
 and advance (r(28) = 0.53, p < .05*)."[] 
 []


Overfull \hbox (573.74733pt too wide) in paragraph at lines 3644--3644
[]\T1/lmtt/m/n/10 ## [21] "   - raises / advance:   Results of the Pearson corr
elation showed a significant large, and positive association between raises and
 advance (r(28) = 0.57, p < .05*)."[] 
 []


Overfull \hbox (605.24724pt too wide) in paragraph at lines 3644--3644
[]\T1/lmtt/m/n/10 ## [22] "   - critical / advance:   Results of the Pearson co
rrelation showed a non significant small, and positive association between crit
ical and advance (r(28) = 0.28, p > .1)."[] 
 []

<Introduction_to_R_files/figure-latex/unnamed-chunk-160-1.pdf, id=1817, 469.755
pt x 325.215pt>
File: Introduction_to_R_files/figure-latex/unnamed-chunk-160-1.pdf Graphic file
 (type pdf)
<use Introduction_to_R_files/figure-latex/unnamed-chunk-160-1.pdf>
Package pdftex.def Info: Introduction_to_R_files/figure-latex/unnamed-chunk-160
-1.pdf  used on input line 3653.
(pdftex.def)             Requested size: 344.997pt x 238.84406pt.

Overfull \hbox (11.99896pt too wide) in paragraph at lines 3671--3671
[]\T1/lmtt/m/n/10 ##             rating complaints privileges learning raises c
ritical[] 
 []

[107 <./Introduction_to_R_files/figure-latex/unnamed-chunk-160-1.pdf>]
Overfull \hbox (6.74898pt too wide) in paragraph at lines 3671--3671
[]\T1/lmtt/m/n/10 ## advance      0.16       0.22       0.34    0.53*  0.57*   
  0.28[] 
 []


Overfull \hbox (38.24889pt too wide) in paragraph at lines 3743--3743
[]\T1/lmtt/m/n/10 ## Means, standard deviations, and correlations with confiden
ce intervals[] 
 []


Overfull \hbox (1.499pt too wide) in paragraph at lines 3743--3743
[]\T1/lmtt/m/n/10 ##                             [-.22, .49] [-.19, .51] [-.22,
 .48][] 
 []


Overfull \hbox (1.499pt too wide) in paragraph at lines 3743--3743
[]\T1/lmtt/m/n/10 ##                             [-.22, .49] [-.15, .54] [-.02,
 .63][] 
 []

[108]
Overfull \hbox (85.49875pt too wide) in paragraph at lines 3743--3743
[]\T1/lmtt/m/n/10 ## Note. M and SD are used to represent mean and standard dev
iation, respectively.[] 
 []


Overfull \hbox (1.499pt too wide) in paragraph at lines 3743--3743
[]\T1/lmtt/m/n/10 ## Values in square brackets indicate the 95% confidence inte
rval.[] 
 []


Overfull \hbox (43.49887pt too wide) in paragraph at lines 3743--3743
[]\T1/lmtt/m/n/10 ## The confidence interval is a plausible range of population
 correlations[] 
 []

[109] [110

] [111] [112]
Chapter 15.

Underfull \vbox (badness 2027) has occurred while \output is active []

[113

]
Overfull \hbox (77.1924pt too wide) has occurred while \output is active
\T1/lmr/m/n/10 114 \T1/lmr/m/sl/10 CHAPTER 15.  THE PYGMALION EFFECT: SELF-EFFI
CACY BASED INTERVENTION
 []

[114] [115]
Overfull \hbox (77.1924pt too wide) has occurred while \output is active
\T1/lmr/m/n/10 116 \T1/lmr/m/sl/10 CHAPTER 15.  THE PYGMALION EFFECT: SELF-EFFI
CACY BASED INTERVENTION
 []

[116

] [117] [118]
Chapter 16.

Underfull \vbox (badness 2027) has occurred while \output is active []

[119

]
Overfull \hbox (155.38457pt too wide) has occurred while \output is active
\T1/lmr/m/n/10 120 \T1/lmr/m/sl/10 CHAPTER 16.  SOLUTIONS TO THE PYGMALION EFFE
CT: SELF-EFFICACY BASED INTERVENTION
 []

[120] [121]
Overfull \hbox (155.38457pt too wide) has occurred while \output is active
\T1/lmr/m/n/10 122 \T1/lmr/m/sl/10 CHAPTER 16.  SOLUTIONS TO THE PYGMALION EFFE
CT: SELF-EFFICACY BASED INTERVENTION
 []

[122] [123]
Overfull \hbox (155.38457pt too wide) has occurred while \output is active
\T1/lmr/m/n/10 124 \T1/lmr/m/sl/10 CHAPTER 16.  SOLUTIONS TO THE PYGMALION EFFE
CT: SELF-EFFICACY BASED INTERVENTION
 []

[124]
Package atveryend Info: Empty hook `BeforeClearDocument' on input line 4165.
[125]
Package atveryend Info: Empty hook `AfterLastShipout' on input line 4165.
(./Introduction_to_R.aux)
Package atveryend Info: Executing hook `AtVeryEndDocument' on input line 4165.
Package atveryend Info: Executing hook `AtEndAfterFileList' on input line 4165.

Package rerunfilecheck Info: File `Introduction_to_R.out' has not changed.
(rerunfilecheck)             Checksum: 81D7A4E62660F1D67BA5BDFC8D3EE798;12595.

LaTeX Warning: There were multiply-defined labels.

Package atveryend Info: Empty hook `AtVeryVeryEnd' on input line 4165.
 ) 
Here is how much of TeX's memory you used:
 11786 strings out of 494553
 186742 string characters out of 6175971
 233907 words of memory out of 5000000
 14692 multiletter control sequences out of 15000+600000
 60146 words of font info for 50 fonts, out of 8000000 for 9000
 14 hyphenation exceptions out of 8191
 28i,6n,33p,730b,469s stack positions out of 5000i,500n,10000p,200000b,80000s
{c:/Users/jimmy/AppData/Roaming/TinyTeX/texmf-dist/fonts/enc/dvips/lm/lm-math
it.enc}{c:/Users/jimmy/AppData/Roaming/TinyTeX/texmf-dist/fonts/enc/dvips/lm/lm
-ts1.enc}{c:/Users/jimmy/AppData/Roaming/TinyTeX/texmf-dist/fonts/enc/dvips/lm/
lm-ec.enc}<c:/Users/jimmy/AppData/Roaming/TinyTeX/texmf-dist/fonts/type1/public
/lm/lmbx10.pfb><c:/Users/jimmy/AppData/Roaming/TinyTeX/texmf-dist/fonts/type1/p
ublic/lm/lmbx12.pfb><c:/Users/jimmy/AppData/Roaming/TinyTeX/texmf-dist/fonts/ty
pe1/public/lm/lmmi10.pfb><c:/Users/jimmy/AppData/Roaming/TinyTeX/texmf-dist/fon
ts/type1/public/lm/lmr10.pfb><c:/Users/jimmy/AppData/Roaming/TinyTeX/texmf-dist
/fonts/type1/public/lm/lmr17.pfb><c:/Users/jimmy/AppData/Roaming/TinyTeX/texmf-
dist/fonts/type1/public/lm/lmri10.pfb><c:/Users/jimmy/AppData/Roaming/TinyTeX/t
exmf-dist/fonts/type1/public/lm/lmri12.pfb><c:/Users/jimmy/AppData/Roaming/Tiny
TeX/texmf-dist/fonts/type1/public/lm/lmro10.pfb><c:/Users/jimmy/AppData/Roaming
/TinyTeX/texmf-dist/fonts/type1/public/lm/lmtk10.pfb><c:/Users/jimmy/AppData/Ro
aming/TinyTeX/texmf-dist/fonts/type1/public/lm/lmtt10.pfb><c:/Users/jimmy/AppDa
ta/Roaming/TinyTeX/texmf-dist/fonts/type1/public/lm/lmtti10.pfb>
Output written on Introduction_to_R.pdf (125 pages, 2348671 bytes).
PDF statistics:
 2134 PDF objects out of 2487 (max. 8388607)
 1816 compressed objects within 19 object streams
 615 named destinations out of 1000 (max. 500000)
 945 words of extra memory for PDF output out of 10000 (max. 10000000)

